2018-09-28 08:14:40,013 INFO  [main] stencyl.sw.Session: Logfile: C:\Users\MJennings6000\AppData\Roaming\Stencyl\stencylworks\logs\2018-09-28_08-14-39.log
2018-09-28 08:14:40,013 INFO  [main] stencyl.sw.Session: OS Name: Windows 10
2018-09-28 08:14:40,013 INFO  [main] stencyl.sw.Session: OS Version: 10.0 (64-bit)
2018-09-28 08:14:40,013 INFO  [main] stencyl.sw.Session: Java Version: 1.8.0_60
2018-09-28 08:14:40,013 INFO  [main] stencyl.sw.Session: Java Home Environment Variable (JAVA_HOME): not set
2018-09-28 08:14:40,013 INFO  [main] stencyl.sw.Session: Stencyl Version: 3.4.0.beta4 (b9300)
2018-09-28 08:14:40,013 INFO  [main] stencyl.sw.Session: Stencyl Workspace: C:\Users\MJennings6000\AppData\Roaming\Stencyl\
2018-09-28 08:14:40,013 INFO  [main] stencyl.sw.Session: User Working Directory: C:\Program Files (x86)\Stencyl
2018-09-28 08:14:40,013 INFO  [main] stencyl.sw.Session: User Home Directory: C:\Users\MJennings6000
2018-09-28 08:14:40,013 INFO  [main] stencyl.sw.Session: System Path: C:\Program Files (x86)\Intel\iCLS Client\;C:\Program Files\Intel\iCLS Client\;C:\WINDOWS\system32;C:\WINDOWS;C:\WINDOWS\System32\Wbem;C:\WINDOWS\System32\WindowsPowerShell\v1.0\;C:\WINDOWS\System32\OpenSSH\;C:\Program Files (x86)\Intel\Intel(R) Management Engine Components\DAL;C:\Program Files\Intel\Intel(R) Management Engine Components\DAL;C:\Program Files (x86)\Intel\Intel(R) Management Engine Components\IPT;C:\Program Files\Intel\Intel(R) Management Engine Components\IPT;C:\Program Files (x86)\WebEx\Productivity Tools;C:\Users\MJennings6000\AppData\Local\Microsoft\WindowsApps;;C:\Program Files (x86)\Stencyl\runtimes\jre-win\bin
2018-09-28 08:14:40,044 DEBUG [main] stencyl.sw.util.FileHelper: Deleting: C:\Users\MJENNI~1\AppData\Local\Temp\stencyl6051444289925481937
2018-09-28 08:14:40,044 DEBUG [main] stencyl.sw.loc.LanguagePack: Reading... lang\en\global-phrases.lang
2018-09-28 08:14:40,060 DEBUG [main] stencyl.sw.loc.LanguagePack: Reading... lang\en\global-errors.lang
2018-09-28 08:14:40,060 DEBUG [main] stencyl.sw.loc.LanguagePack: Reading... lang\en\global-menu.lang
2018-09-28 08:14:40,060 DEBUG [main] stencyl.sw.loc.LanguagePack: Reading... lang\en\global-welcome.lang
2018-09-28 08:14:40,060 DEBUG [main] stencyl.sw.loc.LanguagePack: Reading... lang\en\global-dashboard.lang
2018-09-28 08:14:40,060 DEBUG [main] stencyl.sw.loc.LanguagePack: Reading... lang\en\global-publish.lang
2018-09-28 08:14:40,060 DEBUG [main] stencyl.sw.loc.LanguagePack: Reading... lang\en\global-updater.lang
2018-09-28 08:14:40,060 DEBUG [main] stencyl.sw.loc.LanguagePack: Reading... lang\en\global-chat.lang
2018-09-28 08:14:40,060 DEBUG [main] stencyl.sw.loc.LanguagePack: Reading... lang\en\global-misc.lang
2018-09-28 08:14:40,060 DEBUG [main] stencyl.sw.loc.LanguagePack: Reading... lang\en\global-forge.lang
2018-09-28 08:14:40,060 DEBUG [main] stencyl.sw.loc.LanguagePack: Reading... lang\en\global-prefs.lang
2018-09-28 08:14:40,060 DEBUG [main] stencyl.sw.loc.LanguagePack: Reading... lang\en\global-creategame.lang
2018-09-28 08:14:40,060 DEBUG [main] stencyl.sw.loc.LanguagePack: Reading... lang\en\behavior-main.lang
2018-09-28 08:14:40,060 DEBUG [main] stencyl.sw.loc.LanguagePack: Reading... lang\en\behavior-blocks.lang
2018-09-28 08:14:40,076 DEBUG [main] stencyl.sw.loc.LanguagePack: Reading... lang\en\behavior-blockhelp.lang
2018-09-28 08:14:40,076 DEBUG [main] stencyl.sw.loc.LanguagePack: Reading... lang\en\behavior-events.lang
2018-09-28 08:14:40,076 DEBUG [main] stencyl.sw.loc.LanguagePack: Reading... lang\en\behavior-code.lang
2018-09-28 08:14:40,076 DEBUG [main] stencyl.sw.loc.LanguagePack: Reading... lang\en\behavior-attributes.lang
2018-09-28 08:14:40,076 DEBUG [main] stencyl.sw.loc.LanguagePack: Reading... lang\en\behavior-create.lang
2018-09-28 08:14:40,076 DEBUG [main] stencyl.sw.loc.LanguagePack: Reading... lang\en\behavior-byob.lang
2018-09-28 08:14:40,076 DEBUG [main] stencyl.sw.loc.LanguagePack: Reading... lang\en\editor-actor-main.lang
2018-09-28 08:14:40,076 DEBUG [main] stencyl.sw.loc.LanguagePack: Reading... lang\en\editor-actor-physics.lang
2018-09-28 08:14:40,076 DEBUG [main] stencyl.sw.loc.LanguagePack: Reading... lang\en\editor-background.lang
2018-09-28 08:14:40,076 DEBUG [main] stencyl.sw.loc.LanguagePack: Reading... lang\en\editor-behaviorchooser.lang
2018-09-28 08:14:40,076 DEBUG [main] stencyl.sw.loc.LanguagePack: Reading... lang\en\editor-desktop.lang
2018-09-28 08:14:40,076 DEBUG [main] stencyl.sw.loc.LanguagePack: Reading... lang\en\editor-font.lang
2018-09-28 08:14:40,076 DEBUG [main] stencyl.sw.loc.LanguagePack: Reading... lang\en\editor-sound.lang
2018-09-28 08:14:40,076 DEBUG [main] stencyl.sw.loc.LanguagePack: Reading... lang\en\editor-tileset.lang
2018-09-28 08:14:40,076 DEBUG [main] stencyl.sw.loc.LanguagePack: Reading... lang\en\editor-preloader.lang
2018-09-28 08:14:40,076 DEBUG [main] stencyl.sw.loc.LanguagePack: Reading... lang\en\editor-mobile.lang
2018-09-28 08:14:40,076 DEBUG [main] stencyl.sw.loc.LanguagePack: Reading... lang\en\editor-groups.lang
2018-09-28 08:14:40,076 DEBUG [main] stencyl.sw.loc.LanguagePack: Reading... lang\en\editor-attributes.lang
2018-09-28 08:14:40,076 DEBUG [main] stencyl.sw.loc.LanguagePack: Reading... lang\en\editor-input.lang
2018-09-28 08:14:40,076 DEBUG [main] stencyl.sw.loc.LanguagePack: Reading... lang\en\editor-animation.lang
2018-09-28 08:14:40,076 DEBUG [main] stencyl.sw.loc.LanguagePack: Reading... lang\en\editor-scene-main.lang
2018-09-28 08:14:40,076 DEBUG [main] stencyl.sw.loc.LanguagePack: Reading... lang\en\editor-scene-create.lang
2018-09-28 08:14:40,076 DEBUG [main] stencyl.sw.loc.LanguagePack: Reading... lang\en\editor-scene-tools.lang
2018-09-28 08:14:40,076 DEBUG [main] stencyl.sw.loc.LanguagePack: Reading... lang\en\global-phrases.lang
2018-09-28 08:14:40,091 DEBUG [main] stencyl.sw.loc.LanguagePack: Reading... lang\en\global-errors.lang
2018-09-28 08:14:40,091 DEBUG [main] stencyl.sw.loc.LanguagePack: Reading... lang\en\global-menu.lang
2018-09-28 08:14:40,091 DEBUG [main] stencyl.sw.loc.LanguagePack: Reading... lang\en\global-welcome.lang
2018-09-28 08:14:40,091 DEBUG [main] stencyl.sw.loc.LanguagePack: Reading... lang\en\global-dashboard.lang
2018-09-28 08:14:40,091 DEBUG [main] stencyl.sw.loc.LanguagePack: Reading... lang\en\global-publish.lang
2018-09-28 08:14:40,091 DEBUG [main] stencyl.sw.loc.LanguagePack: Reading... lang\en\global-updater.lang
2018-09-28 08:14:40,091 DEBUG [main] stencyl.sw.loc.LanguagePack: Reading... lang\en\global-chat.lang
2018-09-28 08:14:40,091 DEBUG [main] stencyl.sw.loc.LanguagePack: Reading... lang\en\global-misc.lang
2018-09-28 08:14:40,091 DEBUG [main] stencyl.sw.loc.LanguagePack: Reading... lang\en\global-forge.lang
2018-09-28 08:14:40,091 DEBUG [main] stencyl.sw.loc.LanguagePack: Reading... lang\en\global-prefs.lang
2018-09-28 08:14:40,091 DEBUG [main] stencyl.sw.loc.LanguagePack: Reading... lang\en\global-creategame.lang
2018-09-28 08:14:40,091 DEBUG [main] stencyl.sw.loc.LanguagePack: Reading... lang\en\behavior-main.lang
2018-09-28 08:14:40,091 DEBUG [main] stencyl.sw.loc.LanguagePack: Reading... lang\en\behavior-blocks.lang
2018-09-28 08:14:40,091 DEBUG [main] stencyl.sw.loc.LanguagePack: Reading... lang\en\behavior-blockhelp.lang
2018-09-28 08:14:40,091 DEBUG [main] stencyl.sw.loc.LanguagePack: Reading... lang\en\behavior-events.lang
2018-09-28 08:14:40,091 DEBUG [main] stencyl.sw.loc.LanguagePack: Reading... lang\en\behavior-code.lang
2018-09-28 08:14:40,091 DEBUG [main] stencyl.sw.loc.LanguagePack: Reading... lang\en\behavior-attributes.lang
2018-09-28 08:14:40,091 DEBUG [main] stencyl.sw.loc.LanguagePack: Reading... lang\en\behavior-create.lang
2018-09-28 08:14:40,091 DEBUG [main] stencyl.sw.loc.LanguagePack: Reading... lang\en\behavior-byob.lang
2018-09-28 08:14:40,091 DEBUG [main] stencyl.sw.loc.LanguagePack: Reading... lang\en\editor-actor-main.lang
2018-09-28 08:14:40,091 DEBUG [main] stencyl.sw.loc.LanguagePack: Reading... lang\en\editor-actor-physics.lang
2018-09-28 08:14:40,091 DEBUG [main] stencyl.sw.loc.LanguagePack: Reading... lang\en\editor-background.lang
2018-09-28 08:14:40,091 DEBUG [main] stencyl.sw.loc.LanguagePack: Reading... lang\en\editor-behaviorchooser.lang
2018-09-28 08:14:40,091 DEBUG [main] stencyl.sw.loc.LanguagePack: Reading... lang\en\editor-desktop.lang
2018-09-28 08:14:40,091 DEBUG [main] stencyl.sw.loc.LanguagePack: Reading... lang\en\editor-font.lang
2018-09-28 08:14:40,091 DEBUG [main] stencyl.sw.loc.LanguagePack: Reading... lang\en\editor-sound.lang
2018-09-28 08:14:40,091 DEBUG [main] stencyl.sw.loc.LanguagePack: Reading... lang\en\editor-tileset.lang
2018-09-28 08:14:40,091 DEBUG [main] stencyl.sw.loc.LanguagePack: Reading... lang\en\editor-preloader.lang
2018-09-28 08:14:40,091 DEBUG [main] stencyl.sw.loc.LanguagePack: Reading... lang\en\editor-mobile.lang
2018-09-28 08:14:40,091 DEBUG [main] stencyl.sw.loc.LanguagePack: Reading... lang\en\editor-groups.lang
2018-09-28 08:14:40,091 DEBUG [main] stencyl.sw.loc.LanguagePack: Reading... lang\en\editor-attributes.lang
2018-09-28 08:14:40,091 DEBUG [main] stencyl.sw.loc.LanguagePack: Reading... lang\en\editor-input.lang
2018-09-28 08:14:40,091 DEBUG [main] stencyl.sw.loc.LanguagePack: Reading... lang\en\editor-animation.lang
2018-09-28 08:14:40,091 DEBUG [main] stencyl.sw.loc.LanguagePack: Reading... lang\en\editor-scene-main.lang
2018-09-28 08:14:40,091 DEBUG [main] stencyl.sw.loc.LanguagePack: Reading... lang\en\editor-scene-create.lang
2018-09-28 08:14:40,091 DEBUG [main] stencyl.sw.loc.LanguagePack: Reading... lang\en\editor-scene-tools.lang
2018-09-28 08:14:40,091 INFO  [AWT-EventQueue-0] stencyl.sw.SW: Initializing Stencyl.
2018-09-28 08:14:40,107 DEBUG [AWT-EventQueue-0] stencyl.sw.Splash: Set Splash message: Look
2018-09-28 08:14:40,716 INFO  [AWT-EventQueue-0] stencyl.sw.ext.ExtensionDependencyManager: Extension Dependencies: {STENCYL={=stencyl--3.4.0.beta4}, HAXELIB={console=haxelib-console-1.0.0, polygonal-printf=haxelib-polygonal-printf-1.0.0.beta, stencyl-cppia=haxelib-stencyl-cppia-1.0.0, hxcpp=haxelib-hxcpp-3.2.0, swf=haxelib-swf-1.7.4, box2d=haxelib-box2d-1.11.0, svg=haxelib-svg-1.0.8, lime=haxelib-lime-2.9.1, format=haxelib-format-3.1.2, actuate=haxelib-actuate-1.8.6, stencyl=haxelib-stencyl-1.0.0, layout=haxelib-layout-1.1.0, hxtelemetry=haxelib-hxtelemetry-0.3.1, openfl=haxelib-openfl-3.6.1, tilelayer=haxelib-tilelayer-0.2.1, polygonal-ds=haxelib-polygonal-ds-1.4.1, box2d-fake=haxelib-box2d-fake-1.11.0}, JAVA={=java--1.8.0}, ENGINE={}, TOOLSET={}}
2018-09-28 08:14:40,716 DEBUG [AWT-EventQueue-0] stencyl.sw.util.FileHelper: Matching (non-hidden) files within C:\Users\MJennings6000\AppData\Roaming\Stencyl\stencylworks\extensions: []
2018-09-28 08:14:40,716 DEBUG [AWT-EventQueue-0] stencyl.sw.util.FileHelper: Matching (non-hidden) files within C:\Users\MJennings6000\AppData\Roaming\Stencyl\stencylworks\extensions: []
2018-09-28 08:14:40,716 DEBUG [AWT-EventQueue-0] stencyl.sw.editors.game.advanced.EngineExtensionManager: Loading engine extensions...
2018-09-28 08:14:40,716 DEBUG [AWT-EventQueue-0] stencyl.sw.util.FileHelper: Directories within C:\Users\MJennings6000\AppData\Roaming\Stencyl\stencylworks\engine-extensions: [C:\Users\MJennings6000\AppData\Roaming\Stencyl\stencylworks\engine-extensions\ads, C:\Users\MJennings6000\AppData\Roaming\Stencyl\stencylworks\engine-extensions\gamecenter, C:\Users\MJennings6000\AppData\Roaming\Stencyl\stencylworks\engine-extensions\gestures, C:\Users\MJennings6000\AppData\Roaming\Stencyl\stencylworks\engine-extensions\google, C:\Users\MJennings6000\AppData\Roaming\Stencyl\stencylworks\engine-extensions\joystick, C:\Users\MJennings6000\AppData\Roaming\Stencyl\stencylworks\engine-extensions\label, C:\Users\MJennings6000\AppData\Roaming\Stencyl\stencylworks\engine-extensions\native, C:\Users\MJennings6000\AppData\Roaming\Stencyl\stencylworks\engine-extensions\purchases, C:\Users\MJennings6000\AppData\Roaming\Stencyl\stencylworks\engine-extensions\test, C:\Users\MJennings6000\AppData\Roaming\Stencyl\stencylworks\engine-extensions\test-flash, C:\Users\MJennings6000\AppData\Roaming\Stencyl\stencylworks\engine-extensions\test-native]
2018-09-28 08:14:40,716 DEBUG [AWT-EventQueue-0] stencyl.sw.editors.game.advanced.EngineExtensionManager: ads is a core engine extension. Skip.
2018-09-28 08:14:40,716 DEBUG [AWT-EventQueue-0] stencyl.sw.editors.game.advanced.EngineExtensionManager: gamecenter is a core engine extension. Skip.
2018-09-28 08:14:40,716 DEBUG [AWT-EventQueue-0] stencyl.sw.editors.game.advanced.EngineExtensionManager: gestures is a core engine extension. Skip.
2018-09-28 08:14:40,716 DEBUG [AWT-EventQueue-0] stencyl.sw.editors.game.advanced.EngineExtensionManager: google is not a valid engine extension. Skip.
2018-09-28 08:14:40,716 DEBUG [AWT-EventQueue-0] stencyl.sw.editors.game.advanced.EngineExtensionManager: joystick is a core engine extension. Skip.
2018-09-28 08:14:40,732 DEBUG [AWT-EventQueue-0] stencyl.sw.editors.game.advanced.EngineExtensionManager: label is engine extension: Labels (1.0.0).
2018-09-28 08:14:40,732 DEBUG [AWT-EventQueue-0] stencyl.sw.editors.game.advanced.EngineExtensionManager: native is a core engine extension. Skip.
2018-09-28 08:14:40,732 DEBUG [AWT-EventQueue-0] stencyl.sw.editors.game.advanced.EngineExtensionManager: purchases is a core engine extension. Skip.
2018-09-28 08:14:40,732 DEBUG [AWT-EventQueue-0] stencyl.sw.editors.game.advanced.EngineExtensionManager: test is engine extension: Test Extension (1.0.0).
2018-09-28 08:14:40,732 DEBUG [AWT-EventQueue-0] stencyl.sw.editors.game.advanced.EngineExtensionManager: test-flash is engine extension: Test Extension (Flash SWF) (1.0.0).
2018-09-28 08:14:40,732 DEBUG [AWT-EventQueue-0] stencyl.sw.editors.game.advanced.EngineExtensionManager: test-native is engine extension: Test Extension (Native) (1.0.0).
2018-09-28 08:14:40,732 INFO  [AWT-EventQueue-0] stencyl.sw.editors.game.advanced.EngineExtensionManager: Engine Extensions: [Labels (1.0.0), Test Extension (1.0.0), Test Extension (Flash SWF) (1.0.0), Test Extension (Native) (1.0.0)]
2018-09-28 08:14:40,732 INFO  [AWT-EventQueue-0] stencyl.sw.app.ExtensionManager: Toolset Extensions: []
2018-09-28 08:14:40,732 DEBUG [AWT-EventQueue-0] stencyl.sw.SW: Maximized frame.
2018-09-28 08:14:40,888 DEBUG [AWT-EventQueue-0] stencyl.sw.app.doc.Workspace: Activated: Welcome Center
2018-09-28 08:14:40,888 DEBUG [AWT-EventQueue-0] stencyl.sw.app.App: Non-silent Authentication.
2018-09-28 08:14:40,903 DEBUG [AWT-EventQueue-0] stencyl.sw.Splash: Dispose Splash
2018-09-28 08:14:40,997 DEBUG [pool-1-thread-1] stencyl.sw.app.tasks.AuthenticateTask: Response: guest
2018-09-28 08:14:40,997 INFO  [pool-1-thread-1] stencyl.sw.app.tasks.AuthenticateTask: Could not log in. Check your login credentials.
2018-09-28 08:15:24,550 DEBUG [AWT-EventQueue-0] stencyl.sw.util.FileHelper: Deleting: C:\Users\MJennings6000\AppData\Local\Temp\stencyl6051444289925481937\sandbox\test\temp
2018-09-28 08:15:24,550 DEBUG [AWT-EventQueue-0] stencyl.sw.util.FileHelper: Deleting: C:\Users\MJennings6000\AppData\Roaming\Stencyl\stencylworks\preview\scripts
2018-09-28 08:15:24,550 DEBUG [AWT-EventQueue-0] stencyl.sw.util.FileHelper: Deleting: C:\Users\MJennings6000\AppData\Roaming\Stencyl\stencylworks\preview\game
2018-09-28 08:15:24,550 INFO  [AWT-EventQueue-0] stencyl.sw.app.tasks.OpenGameTask: Opening game: project6
2018-09-28 08:15:24,566 DEBUG [pool-1-thread-1] stencyl.core.lib.Game: Loading actor-specific snippet. ActorID: 50
2018-09-28 08:15:24,581 DEBUG [pool-1-thread-1] stencyl.core.lib.Game: Loading actor-specific snippet. ActorID: 52
2018-09-28 08:15:24,581 DEBUG [pool-1-thread-1] stencyl.core.lib.Game: Loading actor-specific snippet. ActorID: 0
2018-09-28 08:15:24,581 DEBUG [pool-1-thread-1] stencyl.core.lib.Game: Loading scene-specific snippet. SceneID: 0
2018-09-28 08:15:24,581 DEBUG [pool-1-thread-1] stencyl.core.lib.ResourceList: Initializing... 1 : Ball
2018-09-28 08:15:24,597 DEBUG [pool-1-thread-1] stencyl.core.lib.ResourceList: Initializing... 52 : Bullet
2018-09-28 08:15:24,597 DEBUG [pool-1-thread-1] stencyl.core.lib.ResourceList: Initializing... 50 : Enemy
2018-09-28 08:15:24,597 DEBUG [pool-1-thread-1] stencyl.core.lib.ResourceList: Initializing... 53 : Enemy Bullet
2018-09-28 08:15:24,597 DEBUG [pool-1-thread-1] stencyl.core.lib.ResourceList: Initializing... 0 : Hero
2018-09-28 08:15:24,597 DEBUG [pool-1-thread-1] stencyl.core.lib.ResourceList: Initializing... 51 : Pronger
2018-09-28 08:15:24,597 DEBUG [pool-1-thread-1] stencyl.core.lib.ResourceList: Initializing... 47 : Sound Effect
2018-09-28 08:15:24,597 DEBUG [pool-1-thread-1] stencyl.core.lib.ResourceList: Initializing... 31 : Tiles
2018-09-28 08:15:24,613 DEBUG [pool-1-thread-1] stencyl.core.engine.sound.ISoundClip: Loading Sound 47
2018-09-28 08:15:24,706 DEBUG [AWT-EventQueue-0] stencyl.core.lib.io.read.SceneReader: Reading header for Scene: 0 (Level 1) from: scenes\0.xml
2018-09-28 08:15:24,722 DEBUG [AWT-EventQueue-0] stencyl.core.lib.io.read.SceneReader: Reading header for Scene: 0 (Level 1) from: scenes\0.xml
2018-09-28 08:15:24,769 DEBUG [AWT-EventQueue-0] stencyl.sw.app.doc.Workspace: Activated: Dashboard
2018-09-28 08:15:24,769 DEBUG [AWT-EventQueue-0] stencyl.sw.util.FileHelper: Trying to delete file that does not exist: C:\Users\MJennings6000\AppData\Local\Temp\stencyl6051444289925481937\sandbox\build\code
2018-09-28 08:15:24,769 DEBUG [AWT-EventQueue-0] stencyl.sw.util.FileHelper: Deleting: C:\Users\MJennings6000\AppData\Local\Temp\stencyl6051444289925481937\sandbox\test\temp
2018-09-28 08:15:24,769 DEBUG [AWT-EventQueue-0] stencyl.core.lib.io.read.SceneReader: Reading header for Scene: 0 (Level 1) from: scenes\0.xml
2018-09-28 08:15:24,800 DEBUG [AWT-EventQueue-0] stencyl.sw.app.tasks.OpenGameTask: Took 250ms
2018-09-28 08:15:25,034 DEBUG [AWT-EventQueue-0] stencyl.sw.editors.game.attributes.AttributeTree: Loading attribute into tree: Hero Direction
2018-09-28 08:15:25,081 DEBUG [AWT-EventQueue-0] stencyl.sw.editors.game.cgroups.CollisionGroupTree: Loading actor group into tree: Actors
2018-09-28 08:15:25,081 DEBUG [AWT-EventQueue-0] stencyl.sw.editors.game.cgroups.CollisionGroupTree: Loading actor group into tree: Doodads
2018-09-28 08:15:25,081 DEBUG [AWT-EventQueue-0] stencyl.sw.editors.game.cgroups.CollisionGroupTree: Loading actor group into tree: Players
2018-09-28 08:15:25,097 DEBUG [AWT-EventQueue-0] stencyl.sw.editors.game.cgroups.CollisionGroupTree: Loading actor group into tree: Regions
2018-09-28 08:15:25,097 DEBUG [AWT-EventQueue-0] stencyl.sw.editors.game.cgroups.CollisionGroupTree: Loading actor group into tree: Tiles
2018-09-28 08:15:25,503 DEBUG [AWT-EventQueue-0] stencyl.core.lib.Atlas: Getting memory for atlas 0
2018-09-28 08:15:25,503 DEBUG [AWT-EventQueue-0] stencyl.core.lib.Atlas: Added resource 'Hero' to atlas 0
2018-09-28 08:15:25,503 DEBUG [AWT-EventQueue-0] stencyl.core.lib.Atlas: Added resource 'Enemy' to atlas 0
2018-09-28 08:15:25,503 DEBUG [AWT-EventQueue-0] stencyl.core.lib.Atlas: Added resource 'Bullet' to atlas 0
2018-09-28 08:15:25,503 DEBUG [AWT-EventQueue-0] stencyl.core.lib.Atlas: Added resource 'Sound Effect' to atlas 0
2018-09-28 08:15:25,503 DEBUG [AWT-EventQueue-0] stencyl.core.lib.Atlas: Added resource 'Tiles' to atlas 0
2018-09-28 08:15:25,519 DEBUG [AWT-EventQueue-0] stencyl.core.lib.io.read.SceneReader: Reading header for Scene: 0 (Level 1) from: scenes\0.xml
2018-09-28 08:15:25,566 DEBUG [AWT-EventQueue-0] stencyl.sw.editors.game.attributes.AttributeTree: Loading attribute into tree: Hero Direction
2018-09-28 08:15:25,581 DEBUG [AWT-EventQueue-0] stencyl.sw.editors.game.cgroups.CollisionGroupTree: Loading actor group into tree: Actors
2018-09-28 08:15:25,581 DEBUG [AWT-EventQueue-0] stencyl.sw.editors.game.cgroups.CollisionGroupTree: Loading actor group into tree: Doodads
2018-09-28 08:15:25,581 DEBUG [AWT-EventQueue-0] stencyl.sw.editors.game.cgroups.CollisionGroupTree: Loading actor group into tree: Players
2018-09-28 08:15:25,581 DEBUG [AWT-EventQueue-0] stencyl.sw.editors.game.cgroups.CollisionGroupTree: Loading actor group into tree: Regions
2018-09-28 08:15:25,597 DEBUG [AWT-EventQueue-0] stencyl.sw.editors.game.cgroups.CollisionGroupTree: Loading actor group into tree: Tiles
2018-09-28 08:15:25,800 DEBUG [AWT-EventQueue-0] stencyl.core.lib.io.read.SceneReader: Reading header for Scene: 0 (Level 1) from: scenes\0.xml
2018-09-28 08:15:53,398 DEBUG [AWT-EventQueue-0] stencyl.sw.editors.snippet.SnippetPropertyPanel: Classname to Generate: Design_21_21_S
2018-09-28 08:15:53,695 DEBUG [AWT-EventQueue-0] stencyl.sw.editors.snippet.SnippetPropertyPanel: Classname to Generate: Design_21_21_Sh
2018-09-28 08:15:53,898 DEBUG [AWT-EventQueue-0] stencyl.sw.editors.snippet.SnippetPropertyPanel: Classname to Generate: Design_21_21_Sho
2018-09-28 08:15:54,023 DEBUG [AWT-EventQueue-0] stencyl.sw.editors.snippet.SnippetPropertyPanel: Classname to Generate: Design_21_21_Shoo
2018-09-28 08:15:54,132 DEBUG [AWT-EventQueue-0] stencyl.sw.editors.snippet.SnippetPropertyPanel: Classname to Generate: Design_21_21_Shoot
2018-09-28 08:15:54,273 DEBUG [AWT-EventQueue-0] stencyl.sw.editors.snippet.SnippetPropertyPanel: Classname to Generate: Design_21_21_Shooti
2018-09-28 08:15:54,429 DEBUG [AWT-EventQueue-0] stencyl.sw.editors.snippet.SnippetPropertyPanel: Classname to Generate: Design_21_21_Shootin
2018-09-28 08:15:54,523 DEBUG [AWT-EventQueue-0] stencyl.sw.editors.snippet.SnippetPropertyPanel: Classname to Generate: Design_21_21_Shooting
2018-09-28 08:15:56,085 DEBUG [AWT-EventQueue-0] stencyl.sw.editors.snippet.SnippetPropertyPanel: Classname to Generate: Design_21_21_Shootin
2018-09-28 08:15:56,601 DEBUG [AWT-EventQueue-0] stencyl.sw.editors.snippet.SnippetPropertyPanel: Classname to Generate: Design_21_21_Shooti
2018-09-28 08:15:56,632 DEBUG [AWT-EventQueue-0] stencyl.sw.editors.snippet.SnippetPropertyPanel: Classname to Generate: Design_21_21_Shoot
2018-09-28 08:15:56,663 DEBUG [AWT-EventQueue-0] stencyl.sw.editors.snippet.SnippetPropertyPanel: Classname to Generate: Design_21_21_Shoo
2018-09-28 08:15:56,694 DEBUG [AWT-EventQueue-0] stencyl.sw.editors.snippet.SnippetPropertyPanel: Classname to Generate: Design_21_21_Sho
2018-09-28 08:15:56,726 DEBUG [AWT-EventQueue-0] stencyl.sw.editors.snippet.SnippetPropertyPanel: Classname to Generate: Design_21_21_Sh
2018-09-28 08:15:56,757 DEBUG [AWT-EventQueue-0] stencyl.sw.editors.snippet.SnippetPropertyPanel: Classname to Generate: Design_21_21_S
2018-09-28 08:15:56,788 DEBUG [AWT-EventQueue-0] stencyl.sw.editors.snippet.SnippetPropertyPanel: Classname to Generate: Design_21_21_
2018-09-28 08:15:59,112 DEBUG [AWT-EventQueue-0] stencyl.sw.app.App: Action: Test Game...
2018-09-28 08:15:59,117 INFO  [pool-1-thread-1] stencyl.sw.io.write.MasterWriter: Saving game in place.
2018-09-28 08:15:59,127 DEBUG [pool-1-thread-1] stencyl.sw.util.FileHelper: Saving backup file C:\Users\MJennings6000\AppData\Roaming\Stencyl\stencylworks\games\project6\game.xml.bak.
2018-09-28 08:16:00,583 DEBUG [pool-1-thread-1] stencyl.sw.io.write.MasterWriter: Writing out local resources.
2018-09-28 08:16:00,583 DEBUG [pool-1-thread-1] stencyl.sw.util.FileHelper: Saving backup file C:\Users\MJennings6000\AppData\Roaming\Stencyl\stencylworks\games\project6\resources\data.xml.bak.
2018-09-28 08:16:00,583 DEBUG [pool-1-thread-1] stencyl.sw.io.write.resource.SpriteWriter: Mark actor's sprite as clean (disk).
2018-09-28 08:16:00,583 DEBUG [pool-1-thread-1] stencyl.sw.io.write.resource.SpriteWriter: Mark actor's sprite as clean (disk).
2018-09-28 08:16:00,599 DEBUG [pool-1-thread-1] stencyl.sw.io.write.resource.SpriteWriter: Mark actor's sprite as clean (disk).
2018-09-28 08:16:00,599 DEBUG [pool-1-thread-1] stencyl.sw.io.write.resource.TilesetWriter: Mark tileset as clean (disk).
2018-09-28 08:16:00,599 DEBUG [pool-1-thread-1] stencyl.sw.io.write.MasterWriter: Writing out scenes.
2018-09-28 08:16:00,599 DEBUG [pool-1-thread-1] stencyl.sw.io.write.MasterWriter: Copying over snippets.
2018-09-28 08:16:00,599 DEBUG [pool-1-thread-1] stencyl.sw.util.FileHelper: Saving backup file C:\Users\MJennings6000\AppData\Roaming\Stencyl\stencylworks\games\project6\snippets\list.xml.bak.
2018-09-28 08:16:00,646 DEBUG [pool-3-thread-1] stencyl.sw.io.write.resource.SnippetsWriter: Writing Design Snippet to C:\Users\MJennings6000\AppData\Roaming\Stencyl\stencylworks\preview\scripts\ActorEvents_50.hx. Took 0 ms.
2018-09-28 08:16:00,646 DEBUG [pool-3-thread-2] stencyl.sw.io.write.resource.SnippetsWriter: Writing Design Snippet to C:\Users\MJennings6000\AppData\Roaming\Stencyl\stencylworks\preview\scripts\ActorEvents_52.hx. Took 0 ms.
2018-09-28 08:16:00,646 DEBUG [pool-3-thread-4] stencyl.sw.io.write.resource.SnippetsWriter: Writing Design Snippet to C:\Users\MJennings6000\AppData\Roaming\Stencyl\stencylworks\preview\scripts\ActorEvents_0.hx. Took 0 ms.
2018-09-28 08:16:00,662 DEBUG [pool-3-thread-1] stencyl.sw.io.write.resource.SnippetsWriter: Writing Design Snippet to C:\Users\MJennings6000\AppData\Roaming\Stencyl\stencylworks\preview\scripts\SceneEvents_0.hx. Took 16 ms.
2018-09-28 08:16:00,662 DEBUG [pool-3-thread-2] stencyl.sw.io.write.resource.SnippetsWriter: Writing Design Snippet to C:\Users\MJennings6000\AppData\Roaming\Stencyl\stencylworks\preview\scripts\Design_16_16_4WayMovement.hx. Took 16 ms.
2018-09-28 08:16:00,662 DEBUG [pool-3-thread-3] stencyl.sw.io.write.resource.SnippetsWriter: Writing Design Snippet to C:\Users\MJennings6000\AppData\Roaming\Stencyl\stencylworks\preview\scripts\Design_20_20_Shooting.hx. Took 16 ms.
2018-09-28 08:16:00,662 DEBUG [pool-1-thread-1] stencyl.sw.io.write.MasterWriter: Saving block favorites.
2018-09-28 08:16:00,662 INFO  [pool-1-thread-1] stencyl.sw.io.write.MasterWriter: Done writing game.
2018-09-28 08:16:00,724 INFO  [pool-1-thread-1] stencyl.sw.io.write.MasterWriter: Saving game in place.
2018-09-28 08:16:00,724 DEBUG [pool-1-thread-1] stencyl.sw.util.FileHelper: Saving backup file C:\Users\MJennings6000\AppData\Roaming\Stencyl\stencylworks\games\project6\game.xml.bak.
2018-09-28 08:16:02,052 DEBUG [pool-1-thread-1] stencyl.sw.io.write.MasterWriter: Writing out local resources.
2018-09-28 08:16:02,052 DEBUG [pool-1-thread-1] stencyl.sw.util.FileHelper: Saving backup file C:\Users\MJennings6000\AppData\Roaming\Stencyl\stencylworks\games\project6\resources\data.xml.bak.
2018-09-28 08:16:02,052 DEBUG [pool-1-thread-1] stencyl.sw.io.write.resource.SpriteWriter: Mark actor's sprite as clean (disk).
2018-09-28 08:16:02,052 DEBUG [pool-1-thread-1] stencyl.sw.io.write.resource.SpriteWriter: Mark actor's sprite as clean (disk).
2018-09-28 08:16:02,052 DEBUG [pool-1-thread-1] stencyl.sw.io.write.resource.SpriteWriter: Mark actor's sprite as clean (disk).
2018-09-28 08:16:02,052 DEBUG [pool-1-thread-1] stencyl.sw.io.write.resource.TilesetWriter: Mark tileset as clean (disk).
2018-09-28 08:16:02,052 DEBUG [pool-1-thread-1] stencyl.sw.io.write.MasterWriter: Writing out scenes.
2018-09-28 08:16:02,052 DEBUG [pool-1-thread-1] stencyl.sw.io.write.MasterWriter: Copying over snippets.
2018-09-28 08:16:02,052 DEBUG [pool-1-thread-1] stencyl.sw.util.FileHelper: Saving backup file C:\Users\MJennings6000\AppData\Roaming\Stencyl\stencylworks\games\project6\snippets\list.xml.bak.
2018-09-28 08:16:02,083 DEBUG [pool-4-thread-1] stencyl.sw.io.write.resource.SnippetsWriter: Writing Design Snippet to C:\Users\MJennings6000\AppData\Roaming\Stencyl\stencylworks\preview\scripts\ActorEvents_50.hx. Took 0 ms.
2018-09-28 08:16:02,083 DEBUG [pool-4-thread-4] stencyl.sw.io.write.resource.SnippetsWriter: Writing Design Snippet to C:\Users\MJennings6000\AppData\Roaming\Stencyl\stencylworks\preview\scripts\ActorEvents_0.hx. Took 0 ms.
2018-09-28 08:16:02,083 DEBUG [pool-4-thread-2] stencyl.sw.io.write.resource.SnippetsWriter: Writing Design Snippet to C:\Users\MJennings6000\AppData\Roaming\Stencyl\stencylworks\preview\scripts\ActorEvents_52.hx. Took 0 ms.
2018-09-28 08:16:02,083 DEBUG [pool-4-thread-3] stencyl.sw.io.write.resource.SnippetsWriter: Writing Design Snippet to C:\Users\MJennings6000\AppData\Roaming\Stencyl\stencylworks\preview\scripts\Design_20_20_Shooting.hx. Took 0 ms.
2018-09-28 08:16:02,083 DEBUG [pool-4-thread-1] stencyl.sw.io.write.resource.SnippetsWriter: Writing Design Snippet to C:\Users\MJennings6000\AppData\Roaming\Stencyl\stencylworks\preview\scripts\SceneEvents_0.hx. Took 0 ms.
2018-09-28 08:16:02,083 DEBUG [pool-4-thread-4] stencyl.sw.io.write.resource.SnippetsWriter: Writing Design Snippet to C:\Users\MJennings6000\AppData\Roaming\Stencyl\stencylworks\preview\scripts\Design_16_16_4WayMovement.hx. Took 0 ms.
2018-09-28 08:16:02,083 DEBUG [pool-1-thread-1] stencyl.sw.io.write.MasterWriter: Saving block favorites.
2018-09-28 08:16:02,083 INFO  [pool-1-thread-1] stencyl.sw.io.write.MasterWriter: Done writing game.
2018-09-28 08:16:02,146 INFO  [AWT-EventQueue-0] stencyl.sw.io.write.resource.HXWriter: Building game with arguments: Flash (Player), TESTING
2018-09-28 08:16:02,146 DEBUG [AWT-EventQueue-0] stencyl.sw.util.Util: Running command: [taskkill, /im, neko.exe, /f]
2018-09-28 08:16:02,192 OFF   [Thread-7] stencyl.sw.util.StreamGobbler: [taskkill] ERROR: The process "neko.exe" not found.
2018-09-28 08:16:02,208 DEBUG [AWT-EventQueue-0] stencyl.sw.util.Util: Process 'taskkill' exited with code: 128
2018-09-28 08:16:02,208 DEBUG [AWT-EventQueue-0] stencyl.sw.util.Util: Running command: [taskkill, /im, adb.exe, /f]
2018-09-28 08:16:02,255 OFF   [Thread-8] stencyl.sw.util.StreamGobbler: [taskkill] ERROR: The process "adb.exe" not found.
2018-09-28 08:16:02,255 DEBUG [AWT-EventQueue-0] stencyl.sw.util.Util: Process 'taskkill' exited with code: 128
2018-09-28 08:16:02,255 DEBUG [AWT-EventQueue-0] stencyl.sw.util.Util: Running command: [taskkill, /im, arm-linux-androideabi-g++.exe, /f]
2018-09-28 08:16:02,302 OFF   [Thread-9] stencyl.sw.util.StreamGobbler: [taskkill] ERROR: The process "arm-linux-androideabi-g++.exe" not found.
2018-09-28 08:16:02,302 DEBUG [AWT-EventQueue-0] stencyl.sw.util.Util: Process 'taskkill' exited with code: 128
2018-09-28 08:16:02,302 DEBUG [AWT-EventQueue-0] stencyl.sw.util.Util: Running command: [taskkill, /im, cc1plus.exe, /f]
2018-09-28 08:16:02,349 OFF   [Thread-10] stencyl.sw.util.StreamGobbler: [taskkill] ERROR: The process "cc1plus.exe" not found.
2018-09-28 08:16:02,349 DEBUG [AWT-EventQueue-0] stencyl.sw.util.Util: Process 'taskkill' exited with code: 128
2018-09-28 08:16:02,349 DEBUG [AWT-EventQueue-0] stencyl.sw.util.Util: Running command: [taskkill, /im, tail.exe, /f]
2018-09-28 08:16:02,395 OFF   [Thread-11] stencyl.sw.util.StreamGobbler: [taskkill] ERROR: The process "tail.exe" not found.
2018-09-28 08:16:02,395 DEBUG [AWT-EventQueue-0] stencyl.sw.util.Util: Process 'taskkill' exited with code: 128
2018-09-28 08:16:02,395 DEBUG [AWT-EventQueue-0] stencyl.sw.util.Util: Running command: [taskkill, /im, ios-sim.exe, /f]
2018-09-28 08:16:02,442 OFF   [Thread-12] stencyl.sw.util.StreamGobbler: [taskkill] ERROR: The process "ios-sim.exe" not found.
2018-09-28 08:16:02,458 DEBUG [AWT-EventQueue-0] stencyl.sw.util.Util: Process 'taskkill' exited with code: 128
2018-09-28 08:16:02,458 DEBUG [AWT-EventQueue-0] stencyl.sw.util.FileHelper: Deleting: C:\Users\MJennings6000\AppData\Roaming\Macromedia\Flash Player\Logs\flashlog.txt
2018-09-28 08:16:02,458 DEBUG [AWT-EventQueue-0] stencyl.sw.util.FileHelper: Deleting: C:\Users\MJennings6000\AppData\Roaming\Stencyl\stencylworks\games-generated\project6\Export\.build
2018-09-28 08:16:02,458 DEBUG [pool-1-thread-2] stencyl.sw.util.FileHelper: Deleting: C:\Users\MJennings6000\AppData\Roaming\Stencyl\stencylworks\games-generated\project6\Assets\graphics
2018-09-28 08:16:02,474 DEBUG [pool-1-thread-2] stencyl.sw.util.FileHelper: Trying to delete file that does not exist: C:\Users\MJennings6000\AppData\Roaming\Stencyl\stencylworks\games-generated\project6\Export\iPhone\build
2018-09-28 08:16:02,474 DEBUG [pool-1-thread-2] stencyl.sw.util.FileHelper: Trying to delete file that does not exist: C:\Users\MJennings6000\AppData\Roaming\Stencyl\stencylworks\games-generated\project6\Export\cpp\windows\bin
2018-09-28 08:16:02,536 DEBUG [pool-1-thread-2] stencyl.sw.io.write.resource.HXWriter: Skipping... Hero
2018-09-28 08:16:02,536 DEBUG [pool-1-thread-2] stencyl.sw.io.write.resource.HXWriter: Copying graphics for scale: 1x
2018-09-28 08:16:02,536 DEBUG [pool-1-thread-2] stencyl.sw.io.write.resource.HXWriter: Copying graphics for scale: 1.5x
2018-09-28 08:16:02,552 DEBUG [pool-1-thread-2] stencyl.sw.io.write.resource.HXWriter: Copying graphics for scale: 2x
2018-09-28 08:16:02,552 DEBUG [pool-1-thread-2] stencyl.sw.io.write.resource.HXWriter: Copying graphics for scale: 4x
2018-09-28 08:16:02,552 DEBUG [pool-1-thread-2] stencyl.sw.io.write.resource.HXWriter: Skipping... Enemy
2018-09-28 08:16:02,552 DEBUG [pool-1-thread-2] stencyl.sw.io.write.resource.HXWriter: Copying graphics for scale: 1x
2018-09-28 08:16:02,567 DEBUG [pool-1-thread-2] stencyl.sw.io.write.resource.HXWriter: Copying graphics for scale: 1.5x
2018-09-28 08:16:02,567 DEBUG [pool-1-thread-2] stencyl.sw.io.write.resource.HXWriter: Copying graphics for scale: 2x
2018-09-28 08:16:02,567 DEBUG [pool-1-thread-2] stencyl.sw.io.write.resource.HXWriter: Copying graphics for scale: 4x
2018-09-28 08:16:02,567 DEBUG [pool-1-thread-2] stencyl.sw.io.write.resource.HXWriter: Skipping... Bullet
2018-09-28 08:16:02,567 DEBUG [pool-1-thread-2] stencyl.sw.io.write.resource.HXWriter: Copying graphics for scale: 1x
2018-09-28 08:16:02,567 DEBUG [pool-1-thread-2] stencyl.sw.io.write.resource.HXWriter: Copying graphics for scale: 1.5x
2018-09-28 08:16:02,567 DEBUG [pool-1-thread-2] stencyl.sw.io.write.resource.HXWriter: Copying graphics for scale: 2x
2018-09-28 08:16:02,583 DEBUG [pool-1-thread-2] stencyl.sw.io.write.resource.HXWriter: Copying graphics for scale: 4x
2018-09-28 08:16:02,583 DEBUG [pool-1-thread-2] stencyl.sw.io.write.resource.HXWriter: Copying graphics for scale: 1x
2018-09-28 08:16:02,583 DEBUG [pool-1-thread-2] stencyl.sw.io.write.resource.HXWriter: Copying graphics for scale: 1.5x
2018-09-28 08:16:02,583 DEBUG [pool-1-thread-2] stencyl.sw.io.write.resource.HXWriter: Copying graphics for scale: 2x
2018-09-28 08:16:02,583 DEBUG [pool-1-thread-2] stencyl.sw.io.write.resource.HXWriter: Copying graphics for scale: 4x
2018-09-28 08:16:02,599 DEBUG [pool-1-thread-2] stencyl.sw.util.FileHelper: Trying to delete file that does not exist: C:\Users\MJennings6000\AppData\Roaming\Stencyl\stencylworks\games-generated\project6\Assets\graphics\3x
2018-09-28 08:16:02,599 DEBUG [pool-1-thread-2] stencyl.sw.util.FileHelper: Copy directory from: C:\Users\MJennings6000\AppData\Roaming\Stencyl\stencylworks\games\project6\extras to: C:\Users\MJennings6000\AppData\Roaming\Stencyl\stencylworks\games-generated\project6\Assets\data
2018-09-28 08:16:02,599 DEBUG [pool-1-thread-2] stencyl.sw.util.FileHelper: Copy File: C:\Users\MJennings6000\AppData\Roaming\Stencyl\stencylworks\games\project6\extras\blur.txt to: C:\Users\MJennings6000\AppData\Roaming\Stencyl\stencylworks\games-generated\project6\Assets\data\blur.txt
2018-09-28 08:16:02,599 DEBUG [pool-1-thread-2] stencyl.sw.util.FileHelper: Copy File: C:\Users\MJennings6000\AppData\Roaming\Stencyl\stencylworks\games\project6\extras\grain.txt to: C:\Users\MJennings6000\AppData\Roaming\Stencyl\stencylworks\games-generated\project6\Assets\data\grain.txt
2018-09-28 08:16:02,599 DEBUG [pool-1-thread-2] stencyl.sw.util.FileHelper: Copy File: C:\Users\MJennings6000\AppData\Roaming\Stencyl\stencylworks\games\project6\extras\gray.txt to: C:\Users\MJennings6000\AppData\Roaming\Stencyl\stencylworks\games-generated\project6\Assets\data\gray.txt
2018-09-28 08:16:02,599 DEBUG [pool-1-thread-2] stencyl.sw.util.FileHelper: Copy File: C:\Users\MJennings6000\AppData\Roaming\Stencyl\stencylworks\games\project6\extras\invert.txt to: C:\Users\MJennings6000\AppData\Roaming\Stencyl\stencylworks\games-generated\project6\Assets\data\invert.txt
2018-09-28 08:16:02,614 DEBUG [pool-1-thread-2] stencyl.sw.util.FileHelper: Copy File: C:\Users\MJennings6000\AppData\Roaming\Stencyl\stencylworks\games\project6\extras\scanline.txt to: C:\Users\MJennings6000\AppData\Roaming\Stencyl\stencylworks\games-generated\project6\Assets\data\scanline.txt
2018-09-28 08:16:02,614 DEBUG [pool-1-thread-2] stencyl.sw.util.FileHelper: Saving backup file C:\Users\MJennings6000\AppData\Roaming\Stencyl\stencylworks\games\project6\game.xml.bak.
2018-09-28 08:16:03,958 DEBUG [pool-1-thread-2] stencyl.sw.io.write.resource.HXWriter: Skipping... Hero
2018-09-28 08:16:03,958 DEBUG [pool-1-thread-2] stencyl.sw.io.write.resource.HXWriter: Skipping... Enemy
2018-09-28 08:16:03,958 DEBUG [pool-1-thread-2] stencyl.sw.io.write.resource.HXWriter: Skipping... Bullet
2018-09-28 08:16:04,004 DEBUG [pool-1-thread-2] stencyl.sw.util.Util: Running command: [C:\Program Files (x86)\Stencyl\plaf\haxe\haxelib.exe, run, openfl, -verbose, build, -debug, project.xml, flash]
2018-09-28 08:16:04,411 INFO  [Thread-13] stencyl.sw.util.StreamGobbler: [haxelib.exe] OpenFL Command-Line Tools (3.6.1-LQBZc4)
2018-09-28 08:16:04,411 INFO  [Thread-13] stencyl.sw.util.StreamGobbler: [haxelib.exe] Initializing project...
2018-09-28 08:16:04,411 INFO  [Thread-13] stencyl.sw.util.StreamGobbler: [haxelib.exe] Using project file: project.xml
2018-09-28 08:16:04,411 INFO  [Thread-13] stencyl.sw.util.StreamGobbler: [haxelib.exe] Reading HXCPP config: C:\Users\MJennings6000\AppData\Roaming\Stencyl\stencylworks\prefs\/.hxcpp_config.xml
2018-09-28 08:16:04,614 INFO  [Thread-13] stencyl.sw.util.StreamGobbler: [haxelib.exe] Using target platform: FLASH
2018-09-28 08:16:04,614 INFO  [Thread-13] stencyl.sw.util.StreamGobbler: [haxelib.exe] Running command: UPDATE
2018-09-28 08:16:04,614 DEBUG [Thread-13] stencyl.sw.util.StreamGobbler: [haxelib.exe]  - Embedding asset: (IMAGE) Assets/graphics/1.5x/sprite-1-0.png
2018-09-28 08:16:04,614 DEBUG [Thread-13] stencyl.sw.util.StreamGobbler: [haxelib.exe]  - Embedding asset: (IMAGE) Assets/graphics/1.5x/sprite-1-1.png
2018-09-28 08:16:04,614 DEBUG [Thread-13] stencyl.sw.util.StreamGobbler: [haxelib.exe]  - Embedding asset: (IMAGE) Assets/graphics/1.5x/sprite-1-2.png
2018-09-28 08:16:04,614 DEBUG [Thread-13] stencyl.sw.util.StreamGobbler: [haxelib.exe]  - Embedding asset: (IMAGE) Assets/graphics/1.5x/sprite-1-3.png
2018-09-28 08:16:04,614 DEBUG [Thread-13] stencyl.sw.util.StreamGobbler: [haxelib.exe]  - Embedding asset: (IMAGE) Assets/graphics/1.5x/sprite-51-0.png
2018-09-28 08:16:04,614 DEBUG [Thread-13] stencyl.sw.util.StreamGobbler: [haxelib.exe]  - Embedding asset: (IMAGE) Assets/graphics/1.5x/sprite-51-1.png
2018-09-28 08:16:04,614 DEBUG [Thread-13] stencyl.sw.util.StreamGobbler: [haxelib.exe]  - Embedding asset: (IMAGE) Assets/graphics/1.5x/sprite-53-0.png
2018-09-28 08:16:04,614 DEBUG [Thread-13] stencyl.sw.util.StreamGobbler: [haxelib.exe]  - Embedding asset: (IMAGE) Assets/graphics/1.5x/tileset-31.png
2018-09-28 08:16:04,614 DEBUG [Thread-13] stencyl.sw.util.StreamGobbler: [haxelib.exe]  - Embedding asset: (IMAGE) Assets/graphics/1x/sprite-1-0.png
2018-09-28 08:16:04,614 DEBUG [Thread-13] stencyl.sw.util.StreamGobbler: [haxelib.exe]  - Embedding asset: (IMAGE) Assets/graphics/1x/sprite-1-1.png
2018-09-28 08:16:04,614 DEBUG [Thread-13] stencyl.sw.util.StreamGobbler: [haxelib.exe]  - Embedding asset: (IMAGE) Assets/graphics/1x/sprite-1-2.png
2018-09-28 08:16:04,614 DEBUG [Thread-13] stencyl.sw.util.StreamGobbler: [haxelib.exe]  - Embedding asset: (IMAGE) Assets/graphics/1x/sprite-1-3.png
2018-09-28 08:16:04,614 DEBUG [Thread-13] stencyl.sw.util.StreamGobbler: [haxelib.exe]  - Embedding asset: (IMAGE) Assets/graphics/1x/sprite-51-0.png
2018-09-28 08:16:04,614 DEBUG [Thread-13] stencyl.sw.util.StreamGobbler: [haxelib.exe]  - Embedding asset: (IMAGE) Assets/graphics/1x/sprite-51-1.png
2018-09-28 08:16:04,614 DEBUG [Thread-13] stencyl.sw.util.StreamGobbler: [haxelib.exe]  - Embedding asset: (IMAGE) Assets/graphics/1x/sprite-53-0.png
2018-09-28 08:16:04,614 DEBUG [Thread-13] stencyl.sw.util.StreamGobbler: [haxelib.exe]  - Embedding asset: (IMAGE) Assets/graphics/1x/tileset-31.png
2018-09-28 08:16:04,614 DEBUG [Thread-13] stencyl.sw.util.StreamGobbler: [haxelib.exe]  - Embedding asset: (IMAGE) Assets/graphics/2x/sprite-1-0.png
2018-09-28 08:16:04,614 DEBUG [Thread-13] stencyl.sw.util.StreamGobbler: [haxelib.exe]  - Embedding asset: (IMAGE) Assets/graphics/2x/sprite-1-1.png
2018-09-28 08:16:04,614 DEBUG [Thread-13] stencyl.sw.util.StreamGobbler: [haxelib.exe]  - Embedding asset: (IMAGE) Assets/graphics/2x/sprite-1-2.png
2018-09-28 08:16:04,614 DEBUG [Thread-13] stencyl.sw.util.StreamGobbler: [haxelib.exe]  - Embedding asset: (IMAGE) Assets/graphics/2x/sprite-1-3.png
2018-09-28 08:16:04,614 DEBUG [Thread-13] stencyl.sw.util.StreamGobbler: [haxelib.exe]  - Embedding asset: (IMAGE) Assets/graphics/2x/sprite-51-0.png
2018-09-28 08:16:04,614 DEBUG [Thread-13] stencyl.sw.util.StreamGobbler: [haxelib.exe]  - Embedding asset: (IMAGE) Assets/graphics/2x/sprite-51-1.png
2018-09-28 08:16:04,614 DEBUG [Thread-13] stencyl.sw.util.StreamGobbler: [haxelib.exe]  - Embedding asset: (IMAGE) Assets/graphics/2x/sprite-53-0.png
2018-09-28 08:16:04,614 DEBUG [Thread-13] stencyl.sw.util.StreamGobbler: [haxelib.exe]  - Embedding asset: (IMAGE) Assets/graphics/2x/tileset-31.png
2018-09-28 08:16:04,614 DEBUG [Thread-13] stencyl.sw.util.StreamGobbler: [haxelib.exe]  - Embedding asset: (IMAGE) Assets/graphics/4x/sprite-1-0.png
2018-09-28 08:16:04,614 DEBUG [Thread-13] stencyl.sw.util.StreamGobbler: [haxelib.exe]  - Embedding asset: (IMAGE) Assets/graphics/4x/sprite-1-1.png
2018-09-28 08:16:04,614 DEBUG [Thread-13] stencyl.sw.util.StreamGobbler: [haxelib.exe]  - Embedding asset: (IMAGE) Assets/graphics/4x/sprite-1-2.png
2018-09-28 08:16:04,614 DEBUG [Thread-13] stencyl.sw.util.StreamGobbler: [haxelib.exe]  - Embedding asset: (IMAGE) Assets/graphics/4x/sprite-1-3.png
2018-09-28 08:16:04,614 DEBUG [Thread-13] stencyl.sw.util.StreamGobbler: [haxelib.exe]  - Embedding asset: (IMAGE) Assets/graphics/4x/sprite-51-0.png
2018-09-28 08:16:04,614 DEBUG [Thread-13] stencyl.sw.util.StreamGobbler: [haxelib.exe]  - Embedding asset: (IMAGE) Assets/graphics/4x/sprite-51-1.png
2018-09-28 08:16:04,614 DEBUG [Thread-13] stencyl.sw.util.StreamGobbler: [haxelib.exe]  - Embedding asset: (IMAGE) Assets/graphics/4x/sprite-53-0.png
2018-09-28 08:16:04,614 DEBUG [Thread-13] stencyl.sw.util.StreamGobbler: [haxelib.exe]  - Embedding asset: (IMAGE) Assets/graphics/4x/tileset-31.png
2018-09-28 08:16:04,614 DEBUG [Thread-13] stencyl.sw.util.StreamGobbler: [haxelib.exe]  - Embedding asset: (TEXT) Assets/graphics/default-font.fnt
2018-09-28 08:16:04,614 DEBUG [Thread-13] stencyl.sw.util.StreamGobbler: [haxelib.exe]  - Embedding asset: (IMAGE) Assets/graphics/default-font.png
2018-09-28 08:16:04,614 DEBUG [Thread-13] stencyl.sw.util.StreamGobbler: [haxelib.exe]  - Embedding asset: (IMAGE) Assets/graphics/preloader-badge.png
2018-09-28 08:16:04,614 DEBUG [Thread-13] stencyl.sw.util.StreamGobbler: [haxelib.exe]  - Embedding asset: (IMAGE) Assets/graphics/preloader-bg.png
2018-09-28 08:16:04,614 DEBUG [Thread-13] stencyl.sw.util.StreamGobbler: [haxelib.exe]  - Embedding asset: (IMAGE) Assets/graphics/preloader-bg@1.5x.png
2018-09-28 08:16:04,614 DEBUG [Thread-13] stencyl.sw.util.StreamGobbler: [haxelib.exe]  - Embedding asset: (IMAGE) Assets/graphics/preloader-bg@2x.png
2018-09-28 08:16:04,614 DEBUG [Thread-13] stencyl.sw.util.StreamGobbler: [haxelib.exe]  - Embedding asset: (IMAGE) Assets/graphics/preloader-bg@4x.png
2018-09-28 08:16:04,614 DEBUG [Thread-13] stencyl.sw.util.StreamGobbler: [haxelib.exe]  - Embedding asset: (SOUND) Assets/sfx/sound-47.mp3
2018-09-28 08:16:04,614 DEBUG [Thread-13] stencyl.sw.util.StreamGobbler: [haxelib.exe]  - Embedding asset: (TEXT) Assets/data/behaviors.xml
2018-09-28 08:16:04,614 DEBUG [Thread-13] stencyl.sw.util.StreamGobbler: [haxelib.exe]  - Embedding asset: (TEXT) Assets/data/blur.txt
2018-09-28 08:16:04,614 DEBUG [Thread-13] stencyl.sw.util.StreamGobbler: [haxelib.exe]  - Embedding asset: (TEXT) Assets/data/game.xml
2018-09-28 08:16:04,614 DEBUG [Thread-13] stencyl.sw.util.StreamGobbler: [haxelib.exe]  - Embedding asset: (TEXT) Assets/data/grain.txt
2018-09-28 08:16:04,614 DEBUG [Thread-13] stencyl.sw.util.StreamGobbler: [haxelib.exe]  - Embedding asset: (TEXT) Assets/data/gray.txt
2018-09-28 08:16:04,614 DEBUG [Thread-13] stencyl.sw.util.StreamGobbler: [haxelib.exe]  - Embedding asset: (IMAGE) Assets/data/inner-joystick.png
2018-09-28 08:16:04,614 DEBUG [Thread-13] stencyl.sw.util.StreamGobbler: [haxelib.exe]  - Embedding asset: (IMAGE) Assets/data/inner-joystick@1.5x.png
2018-09-28 08:16:04,614 DEBUG [Thread-13] stencyl.sw.util.StreamGobbler: [haxelib.exe]  - Embedding asset: (IMAGE) Assets/data/inner-joystick@2x.png
2018-09-28 08:16:04,614 DEBUG [Thread-13] stencyl.sw.util.StreamGobbler: [haxelib.exe]  - Embedding asset: (IMAGE) Assets/data/inner-joystick@4x.png
2018-09-28 08:16:04,614 DEBUG [Thread-13] stencyl.sw.util.StreamGobbler: [haxelib.exe]  - Embedding asset: (TEXT) Assets/data/invert.txt
2018-09-28 08:16:04,614 DEBUG [Thread-13] stencyl.sw.util.StreamGobbler: [haxelib.exe]  - Embedding asset: (IMAGE) Assets/data/outer-joystick.png
2018-09-28 08:16:04,614 DEBUG [Thread-13] stencyl.sw.util.StreamGobbler: [haxelib.exe]  - Embedding asset: (IMAGE) Assets/data/outer-joystick@1.5x.png
2018-09-28 08:16:04,614 DEBUG [Thread-13] stencyl.sw.util.StreamGobbler: [haxelib.exe]  - Embedding asset: (IMAGE) Assets/data/outer-joystick@2x.png
2018-09-28 08:16:04,614 DEBUG [Thread-13] stencyl.sw.util.StreamGobbler: [haxelib.exe]  - Embedding asset: (IMAGE) Assets/data/outer-joystick@4x.png
2018-09-28 08:16:04,614 DEBUG [Thread-13] stencyl.sw.util.StreamGobbler: [haxelib.exe]  - Embedding asset: (TEXT) Assets/data/resources.xml
2018-09-28 08:16:04,614 DEBUG [Thread-13] stencyl.sw.util.StreamGobbler: [haxelib.exe]  - Embedding asset: (TEXT) Assets/data/scanline.txt
2018-09-28 08:16:04,614 DEBUG [Thread-13] stencyl.sw.util.StreamGobbler: [haxelib.exe]  - Embedding asset: (BINARY) Assets/data/scene-0.scn
2018-09-28 08:16:04,614 DEBUG [Thread-13] stencyl.sw.util.StreamGobbler: [haxelib.exe]  - Embedding asset: (TEXT) Assets/data/scene-0.xml
2018-09-28 08:16:04,614 DEBUG [Thread-13] stencyl.sw.util.StreamGobbler: [haxelib.exe]  - Embedding asset: (TEXT) Assets/data/scenes.xml
2018-09-28 08:16:04,614 DEBUG [Thread-13] stencyl.sw.util.StreamGobbler: [haxelib.exe]  - Embedding asset: (IMAGE) Assets/graphics/1.5x/sprite-1-0.png
2018-09-28 08:16:04,614 DEBUG [Thread-13] stencyl.sw.util.StreamGobbler: [haxelib.exe]  - Embedding asset: (IMAGE) Assets/graphics/1.5x/sprite-1-1.png
2018-09-28 08:16:04,614 DEBUG [Thread-13] stencyl.sw.util.StreamGobbler: [haxelib.exe]  - Embedding asset: (IMAGE) Assets/graphics/1.5x/sprite-1-2.png
2018-09-28 08:16:04,614 DEBUG [Thread-13] stencyl.sw.util.StreamGobbler: [haxelib.exe]  - Embedding asset: (IMAGE) Assets/graphics/1.5x/sprite-1-3.png
2018-09-28 08:16:04,614 DEBUG [Thread-13] stencyl.sw.util.StreamGobbler: [haxelib.exe]  - Embedding asset: (IMAGE) Assets/graphics/1.5x/sprite-51-0.png
2018-09-28 08:16:04,614 DEBUG [Thread-13] stencyl.sw.util.StreamGobbler: [haxelib.exe]  - Embedding asset: (IMAGE) Assets/graphics/1.5x/sprite-51-1.png
2018-09-28 08:16:04,614 DEBUG [Thread-13] stencyl.sw.util.StreamGobbler: [haxelib.exe]  - Embedding asset: (IMAGE) Assets/graphics/1.5x/sprite-53-0.png
2018-09-28 08:16:04,614 DEBUG [Thread-13] stencyl.sw.util.StreamGobbler: [haxelib.exe]  - Embedding asset: (IMAGE) Assets/graphics/1.5x/tileset-31.png
2018-09-28 08:16:04,614 DEBUG [Thread-13] stencyl.sw.util.StreamGobbler: [haxelib.exe]  - Embedding asset: (IMAGE) Assets/graphics/1x/sprite-1-0.png
2018-09-28 08:16:04,614 DEBUG [Thread-13] stencyl.sw.util.StreamGobbler: [haxelib.exe]  - Embedding asset: (IMAGE) Assets/graphics/1x/sprite-1-1.png
2018-09-28 08:16:04,614 DEBUG [Thread-13] stencyl.sw.util.StreamGobbler: [haxelib.exe]  - Embedding asset: (IMAGE) Assets/graphics/1x/sprite-1-2.png
2018-09-28 08:16:04,614 DEBUG [Thread-13] stencyl.sw.util.StreamGobbler: [haxelib.exe]  - Embedding asset: (IMAGE) Assets/graphics/1x/sprite-1-3.png
2018-09-28 08:16:04,614 DEBUG [Thread-13] stencyl.sw.util.StreamGobbler: [haxelib.exe]  - Embedding asset: (IMAGE) Assets/graphics/1x/sprite-51-0.png
2018-09-28 08:16:04,614 DEBUG [Thread-13] stencyl.sw.util.StreamGobbler: [haxelib.exe]  - Embedding asset: (IMAGE) Assets/graphics/1x/sprite-51-1.png
2018-09-28 08:16:04,614 DEBUG [Thread-13] stencyl.sw.util.StreamGobbler: [haxelib.exe]  - Embedding asset: (IMAGE) Assets/graphics/1x/sprite-53-0.png
2018-09-28 08:16:04,614 DEBUG [Thread-13] stencyl.sw.util.StreamGobbler: [haxelib.exe]  - Embedding asset: (IMAGE) Assets/graphics/1x/tileset-31.png
2018-09-28 08:16:04,614 DEBUG [Thread-13] stencyl.sw.util.StreamGobbler: [haxelib.exe]  - Embedding asset: (IMAGE) Assets/graphics/2x/sprite-1-0.png
2018-09-28 08:16:04,614 DEBUG [Thread-13] stencyl.sw.util.StreamGobbler: [haxelib.exe]  - Embedding asset: (IMAGE) Assets/graphics/2x/sprite-1-1.png
2018-09-28 08:16:04,614 DEBUG [Thread-13] stencyl.sw.util.StreamGobbler: [haxelib.exe]  - Embedding asset: (IMAGE) Assets/graphics/2x/sprite-1-2.png
2018-09-28 08:16:04,614 DEBUG [Thread-13] stencyl.sw.util.StreamGobbler: [haxelib.exe]  - Embedding asset: (IMAGE) Assets/graphics/2x/sprite-1-3.png
2018-09-28 08:16:04,614 DEBUG [Thread-13] stencyl.sw.util.StreamGobbler: [haxelib.exe]  - Embedding asset: (IMAGE) Assets/graphics/2x/sprite-51-0.png
2018-09-28 08:16:04,614 DEBUG [Thread-13] stencyl.sw.util.StreamGobbler: [haxelib.exe]  - Embedding asset: (IMAGE) Assets/graphics/2x/sprite-51-1.png
2018-09-28 08:16:04,614 DEBUG [Thread-13] stencyl.sw.util.StreamGobbler: [haxelib.exe]  - Embedding asset: (IMAGE) Assets/graphics/2x/sprite-53-0.png
2018-09-28 08:16:04,614 DEBUG [Thread-13] stencyl.sw.util.StreamGobbler: [haxelib.exe]  - Embedding asset: (IMAGE) Assets/graphics/2x/tileset-31.png
2018-09-28 08:16:04,614 DEBUG [Thread-13] stencyl.sw.util.StreamGobbler: [haxelib.exe]  - Embedding asset: (IMAGE) Assets/graphics/4x/sprite-1-0.png
2018-09-28 08:16:04,614 DEBUG [Thread-13] stencyl.sw.util.StreamGobbler: [haxelib.exe]  - Embedding asset: (IMAGE) Assets/graphics/4x/sprite-1-1.png
2018-09-28 08:16:04,614 DEBUG [Thread-13] stencyl.sw.util.StreamGobbler: [haxelib.exe]  - Embedding asset: (IMAGE) Assets/graphics/4x/sprite-1-2.png
2018-09-28 08:16:04,614 DEBUG [Thread-13] stencyl.sw.util.StreamGobbler: [haxelib.exe]  - Embedding asset: (IMAGE) Assets/graphics/4x/sprite-1-3.png
2018-09-28 08:16:04,614 DEBUG [Thread-13] stencyl.sw.util.StreamGobbler: [haxelib.exe]  - Embedding asset: (IMAGE) Assets/graphics/4x/sprite-51-0.png
2018-09-28 08:16:04,614 DEBUG [Thread-13] stencyl.sw.util.StreamGobbler: [haxelib.exe]  - Embedding asset: (IMAGE) Assets/graphics/4x/sprite-51-1.png
2018-09-28 08:16:04,614 DEBUG [Thread-13] stencyl.sw.util.StreamGobbler: [haxelib.exe]  - Embedding asset: (IMAGE) Assets/graphics/4x/sprite-53-0.png
2018-09-28 08:16:04,614 DEBUG [Thread-13] stencyl.sw.util.StreamGobbler: [haxelib.exe]  - Embedding asset: (IMAGE) Assets/graphics/4x/tileset-31.png
2018-09-28 08:16:04,614 DEBUG [Thread-13] stencyl.sw.util.StreamGobbler: [haxelib.exe]  - Embedding asset: (TEXT) Assets/graphics/default-font.fnt
2018-09-28 08:16:04,614 DEBUG [Thread-13] stencyl.sw.util.StreamGobbler: [haxelib.exe]  - Embedding asset: (IMAGE) Assets/graphics/default-font.png
2018-09-28 08:16:04,614 DEBUG [Thread-13] stencyl.sw.util.StreamGobbler: [haxelib.exe]  - Embedding asset: (IMAGE) Assets/graphics/preloader-badge.png
2018-09-28 08:16:04,614 DEBUG [Thread-13] stencyl.sw.util.StreamGobbler: [haxelib.exe]  - Embedding asset: (IMAGE) Assets/graphics/preloader-bg.png
2018-09-28 08:16:04,614 DEBUG [Thread-13] stencyl.sw.util.StreamGobbler: [haxelib.exe]  - Embedding asset: (IMAGE) Assets/graphics/preloader-bg@1.5x.png
2018-09-28 08:16:04,614 DEBUG [Thread-13] stencyl.sw.util.StreamGobbler: [haxelib.exe]  - Embedding asset: (IMAGE) Assets/graphics/preloader-bg@2x.png
2018-09-28 08:16:04,614 DEBUG [Thread-13] stencyl.sw.util.StreamGobbler: [haxelib.exe]  - Embedding asset: (IMAGE) Assets/graphics/preloader-bg@4x.png
2018-09-28 08:16:04,614 DEBUG [Thread-13] stencyl.sw.util.StreamGobbler: [haxelib.exe]  - Embedding asset: (SOUND) Assets/sfx/sound-47.mp3
2018-09-28 08:16:04,629 DEBUG [Thread-13] stencyl.sw.util.StreamGobbler: [haxelib.exe]  - Embedding asset: (TEXT) Assets/data/behaviors.xml
2018-09-28 08:16:04,629 DEBUG [Thread-13] stencyl.sw.util.StreamGobbler: [haxelib.exe]  - Embedding asset: (TEXT) Assets/data/blur.txt
2018-09-28 08:16:04,629 DEBUG [Thread-13] stencyl.sw.util.StreamGobbler: [haxelib.exe]  - Embedding asset: (TEXT) Assets/data/game.xml
2018-09-28 08:16:04,629 DEBUG [Thread-13] stencyl.sw.util.StreamGobbler: [haxelib.exe]  - Embedding asset: (TEXT) Assets/data/grain.txt
2018-09-28 08:16:04,629 DEBUG [Thread-13] stencyl.sw.util.StreamGobbler: [haxelib.exe]  - Embedding asset: (TEXT) Assets/data/gray.txt
2018-09-28 08:16:04,629 DEBUG [Thread-13] stencyl.sw.util.StreamGobbler: [haxelib.exe]  - Embedding asset: (IMAGE) Assets/data/inner-joystick.png
2018-09-28 08:16:04,629 DEBUG [Thread-13] stencyl.sw.util.StreamGobbler: [haxelib.exe]  - Embedding asset: (IMAGE) Assets/data/inner-joystick@1.5x.png
2018-09-28 08:16:04,629 DEBUG [Thread-13] stencyl.sw.util.StreamGobbler: [haxelib.exe]  - Embedding asset: (IMAGE) Assets/data/inner-joystick@2x.png
2018-09-28 08:16:04,629 DEBUG [Thread-13] stencyl.sw.util.StreamGobbler: [haxelib.exe]  - Embedding asset: (IMAGE) Assets/data/inner-joystick@4x.png
2018-09-28 08:16:04,629 DEBUG [Thread-13] stencyl.sw.util.StreamGobbler: [haxelib.exe]  - Embedding asset: (TEXT) Assets/data/invert.txt
2018-09-28 08:16:04,629 DEBUG [Thread-13] stencyl.sw.util.StreamGobbler: [haxelib.exe]  - Embedding asset: (IMAGE) Assets/data/outer-joystick.png
2018-09-28 08:16:04,629 DEBUG [Thread-13] stencyl.sw.util.StreamGobbler: [haxelib.exe]  - Embedding asset: (IMAGE) Assets/data/outer-joystick@1.5x.png
2018-09-28 08:16:04,629 DEBUG [Thread-13] stencyl.sw.util.StreamGobbler: [haxelib.exe]  - Embedding asset: (IMAGE) Assets/data/outer-joystick@2x.png
2018-09-28 08:16:04,629 DEBUG [Thread-13] stencyl.sw.util.StreamGobbler: [haxelib.exe]  - Embedding asset: (IMAGE) Assets/data/outer-joystick@4x.png
2018-09-28 08:16:04,629 DEBUG [Thread-13] stencyl.sw.util.StreamGobbler: [haxelib.exe]  - Embedding asset: (TEXT) Assets/data/resources.xml
2018-09-28 08:16:04,629 DEBUG [Thread-13] stencyl.sw.util.StreamGobbler: [haxelib.exe]  - Embedding asset: (TEXT) Assets/data/scanline.txt
2018-09-28 08:16:04,629 DEBUG [Thread-13] stencyl.sw.util.StreamGobbler: [haxelib.exe]  - Embedding asset: (BINARY) Assets/data/scene-0.scn
2018-09-28 08:16:04,629 DEBUG [Thread-13] stencyl.sw.util.StreamGobbler: [haxelib.exe]  - Embedding asset: (TEXT) Assets/data/scene-0.xml
2018-09-28 08:16:04,629 DEBUG [Thread-13] stencyl.sw.util.StreamGobbler: [haxelib.exe]  - Embedding asset: (TEXT) Assets/data/scenes.xml
2018-09-28 08:16:04,911 DEBUG [Thread-13] stencyl.sw.util.StreamGobbler: [haxelib.exe]  - Copying template file: C:\Program Files (x86)\Stencyl\plaf\haxe\lib/lime/lime/templates/haxe/ApplicationMain.hx -> Export/flash/haxe/ApplicationMain.hx
2018-09-28 08:16:04,926 DEBUG [Thread-13] stencyl.sw.util.StreamGobbler: [haxelib.exe]  - Copying template file: C:\Program Files (x86)\Stencyl\plaf\haxe\lib/lime/lime/templates/haxe/DefaultAssetLibrary.hx -> Export/flash/haxe/DefaultAssetLibrary.hx
2018-09-28 08:16:04,926 DEBUG [Thread-13] stencyl.sw.util.StreamGobbler: [haxelib.exe]  - Copying template file: C:\Program Files (x86)\Stencyl\plaf\haxe\lib/openfl/openfl/templates/haxe/ApplicationMain.hx -> Export/flash/haxe/ApplicationMain.hx
2018-09-28 08:16:04,942 DEBUG [Thread-13] stencyl.sw.util.StreamGobbler: [haxelib.exe]  - Copying template file: C:\Program Files (x86)\Stencyl\plaf\haxe\lib/openfl/openfl/templates/haxe/NMEPreloader.hx -> Export/flash/haxe/NMEPreloader.hx
2018-09-28 08:16:04,942 DEBUG [Thread-13] stencyl.sw.util.StreamGobbler: [haxelib.exe]  - Copying template file: C:\Program Files (x86)\Stencyl\plaf\haxe\lib/lime/lime/templates/flash/hxml/debug.hxml -> Export/flash/haxe/debug.hxml
2018-09-28 08:16:04,942 DEBUG [Thread-13] stencyl.sw.util.StreamGobbler: [haxelib.exe]  - Copying template file: C:\Program Files (x86)\Stencyl\plaf\haxe\lib/lime/lime/templates/flash/hxml/final.hxml -> Export/flash/haxe/final.hxml
2018-09-28 08:16:04,942 DEBUG [Thread-13] stencyl.sw.util.StreamGobbler: [haxelib.exe]  - Copying template file: C:\Program Files (x86)\Stencyl\plaf\haxe\lib/lime/lime/templates/flash/hxml/release.hxml -> Export/flash/haxe/release.hxml
2018-09-28 08:16:04,957 DEBUG [Thread-13] stencyl.sw.util.StreamGobbler: [haxelib.exe]  - Copying template file: C:\Program Files (x86)\Stencyl\plaf\haxe\lib/openfl/openfl/templates/flash/hxml/debug.hxml -> Export/flash/haxe/debug.hxml
2018-09-28 08:16:04,957 DEBUG [Thread-13] stencyl.sw.util.StreamGobbler: [haxelib.exe]  - Copying template file: C:\Program Files (x86)\Stencyl\plaf\haxe\lib/openfl/openfl/templates/flash/hxml/final.hxml -> Export/flash/haxe/final.hxml
2018-09-28 08:16:04,957 DEBUG [Thread-13] stencyl.sw.util.StreamGobbler: [haxelib.exe]  - Copying template file: C:\Program Files (x86)\Stencyl\plaf\haxe\lib/openfl/openfl/templates/flash/hxml/release.hxml -> Export/flash/haxe/release.hxml
2018-09-28 08:16:04,957 INFO  [Thread-13] stencyl.sw.util.StreamGobbler: [haxelib.exe] Running command: BUILD
2018-09-28 08:16:04,957 DEBUG [Thread-13] stencyl.sw.util.StreamGobbler: [haxelib.exe]  - Running command: haxe -main ApplicationMain -cp "C:/Program Files (x86)/Stencyl/plaf/haxe/lib/openfl/openfl" -D openfl=3.6.1 -cp "C:/Program Files (x86)/Stencyl/plaf/haxe/lib/lime/lime" -D lime=2.9.1 -cp "C:/Program Files (x86)/Stencyl/plaf/haxe/lib/actuate/1,8,6" -D actuate=1.8.6 -cp "C:/Program Files (x86)/Stencyl/plaf/haxe/lib/console/1,00" -D console=0.0.0 -cp "C:/Program Files (x86)/Stencyl/plaf/haxe/lib/polygonal-ds/1,4,1" -D polygonal-ds=1.4.1 -cp "C:/Program Files (x86)/Stencyl/plaf/haxe/lib/polygonal-printf/1,0,0-beta" -D polygonal-printf=1.0.0-beta -cp "C:/Program Files (x86)/Stencyl/plaf/haxe/lib/box2d/1,11" -D box2d=0.0.0 -cp "C:/Program Files (x86)/Stencyl/plaf/haxe/lib/stencyl/1,00" -D stencyl=0.0.0 -cp Source -cp "C:\Program Files (x86)\Stencyl\plaf\haxe\lib/openfl/openfl/extern" -cp "C:\Program Files (x86)\Stencyl\plaf\haxe\extensions/gestures" -D native-trace -D openfl-next -D tools=2.9.1 -D flash-use-stage -D no-compilation -D openfl-flash -D verbose=1 -D web --remap nme:openfl -D network-sandbox -D as3_native -D swf-directblit -swf-lib newgrounds.swf -swf-lib cpmstar.swf -resource Assets/graphics/preloader-bg.png@preloader-bg -swf-lib Export/flash/obj/assets.swf -swf-version 11 -swf Export/flash/bin/project6.swf -cp Export/flash/haxe -debug
2018-09-28 08:16:07,675 DEBUG [pool-1-thread-2] stencyl.sw.util.Util: Process 'haxelib.exe' exited with code: 0
2018-09-28 08:16:07,675 INFO  [pool-1-thread-2] stencyl.sw.io.write.resource.HXWriter: Finished: Building for Flash.
2018-09-28 08:16:07,675 DEBUG [pool-1-thread-2] stencyl.sw.util.Util: Running command: [C:\Program Files (x86)\Stencyl\ext-tools\players\flash-10-win, C:\Users\MJennings6000\AppData\Roaming\Stencyl\stencylworks\games-generated\project6\Export\flash\bin\project6.swf]
2018-09-28 08:16:08,125 INFO  [pool-1-thread-1] stencyl.sw.app.filewatcher.ExternalAppLauncher: [Flash] Universal#initScreen(222): Stage Width: 480
2018-09-28 08:16:08,125 INFO  [pool-1-thread-1] stencyl.sw.app.filewatcher.ExternalAppLauncher: [Flash] Universal#initScreen(223): Stage Height: 320
2018-09-28 08:16:08,125 INFO  [pool-1-thread-1] stencyl.sw.app.filewatcher.ExternalAppLauncher: [Flash] Universal#initScreen(224): Screen Width: 480
2018-09-28 08:16:08,125 INFO  [pool-1-thread-1] stencyl.sw.app.filewatcher.ExternalAppLauncher: [Flash] Universal#initScreen(225): Screen Height: 320
2018-09-28 08:16:08,125 INFO  [pool-1-thread-1] stencyl.sw.app.filewatcher.ExternalAppLauncher: [Flash] Universal#initScreen(226): Screen DPI: 72
2018-09-28 08:16:08,125 INFO  [pool-1-thread-1] stencyl.sw.app.filewatcher.ExternalAppLauncher: [Flash] Universal#initScreen(386): Max Scale: 4
2018-09-28 08:16:08,125 INFO  [pool-1-thread-1] stencyl.sw.app.filewatcher.ExternalAppLauncher: [Flash] Universal#initScreen(387): Engine Scale: 1x
2018-09-28 08:16:08,125 INFO  [pool-1-thread-1] stencyl.sw.app.filewatcher.ExternalAppLauncher: [Flash] Universal#initScreen(526): Scale X: 1
2018-09-28 08:16:08,125 INFO  [pool-1-thread-1] stencyl.sw.app.filewatcher.ExternalAppLauncher: [Flash] Universal#initScreen(527): Scale Y: 1
2018-09-28 08:16:38,714 DEBUG [AWT-EventQueue-0] stencyl.sw.editors.snippet.SnippetPropertyPanel: Classname to Generate: Design_21_21_H
2018-09-28 08:16:39,011 DEBUG [AWT-EventQueue-0] stencyl.sw.editors.snippet.SnippetPropertyPanel: Classname to Generate: Design_21_21_He
2018-09-28 08:16:39,151 DEBUG [AWT-EventQueue-0] stencyl.sw.editors.snippet.SnippetPropertyPanel: Classname to Generate: Design_21_21_Hea
2018-09-28 08:16:39,276 DEBUG [AWT-EventQueue-0] stencyl.sw.editors.snippet.SnippetPropertyPanel: Classname to Generate: Design_21_21_Heal
2018-09-28 08:16:39,448 DEBUG [AWT-EventQueue-0] stencyl.sw.editors.snippet.SnippetPropertyPanel: Classname to Generate: Design_21_21_Healt
2018-09-28 08:16:39,714 DEBUG [AWT-EventQueue-0] stencyl.sw.editors.snippet.SnippetPropertyPanel: Classname to Generate: Design_21_21_Health
2018-09-28 08:16:47,150 DEBUG [AWT-EventQueue-0] stencyl.sw.util.NotifierHashMap: HashMapEvent [type=VALUE_ADDED, value=Health]
2018-09-28 08:16:47,165 DEBUG [AWT-EventQueue-0] stencyl.sw.app.doc.Workspace: Loading Closed Resource: Health
2018-09-28 08:16:47,321 DEBUG [pool-1-thread-2] stencyl.sw.editors.snippet.designer.palette.Palette: Palette asked to refresh: Conditions
2018-09-28 08:16:47,321 DEBUG [pool-1-thread-2] stencyl.sw.editors.snippet.designer.palette.Palette: Refreshing with context [[b]21]
2018-09-28 08:16:47,509 DEBUG [pool-1-thread-2] stencyl.sw.editors.snippet.designer.palette.Palette: Palette asked to refresh: Position
2018-09-28 08:16:47,509 DEBUG [pool-1-thread-2] stencyl.sw.editors.snippet.designer.palette.Palette: Refreshing with context [[b]21]
2018-09-28 08:16:47,665 DEBUG [pool-1-thread-2] stencyl.sw.editors.snippet.designer.palette.Palette: Palette asked to refresh: Actors
2018-09-28 08:16:47,665 DEBUG [pool-1-thread-2] stencyl.sw.editors.snippet.designer.palette.Palette: Refreshing with context [[b]21]
2018-09-28 08:16:47,743 DEBUG [pool-1-thread-2] stencyl.sw.editors.snippet.designer.palette.Palette: Palette asked to refresh: Math
2018-09-28 08:16:47,743 DEBUG [pool-1-thread-2] stencyl.sw.editors.snippet.designer.palette.Palette: Refreshing with context [[b]21]
2018-09-28 08:16:47,774 DEBUG [pool-1-thread-2] stencyl.sw.editors.snippet.designer.palette.Palette: Palette asked to refresh: Getters
2018-09-28 08:16:47,774 DEBUG [pool-1-thread-2] stencyl.sw.editors.snippet.designer.palette.Palette: Refreshing with context [[b]21]
2018-09-28 08:16:47,774 DEBUG [pool-1-thread-2] stencyl.sw.editors.snippet.designer.palette.Palette: Palette asked to refresh: Getters
2018-09-28 08:16:47,774 DEBUG [pool-1-thread-2] stencyl.sw.editors.snippet.designer.palette.Palette: Refreshing with context [[b]21]
2018-09-28 08:16:47,821 DEBUG [pool-1-thread-2] stencyl.sw.editors.snippet.designer.palette.Palette: Palette asked to refresh: Keyboard & Mouse
2018-09-28 08:16:47,821 DEBUG [pool-1-thread-2] stencyl.sw.editors.snippet.designer.palette.Palette: Refreshing with context [[b]21]
2018-09-28 08:16:47,868 DEBUG [pool-1-thread-2] stencyl.sw.editors.snippet.designer.palette.Palette: Palette asked to refresh: Triggers
2018-09-28 08:16:47,868 DEBUG [pool-1-thread-2] stencyl.sw.editors.snippet.designer.palette.Palette: Refreshing with context [[b]21]
2018-09-28 08:16:47,915 DEBUG [pool-1-thread-2] stencyl.sw.editors.snippet.designer.palette.Palette: Palette asked to refresh: Web
2018-09-28 08:16:47,915 DEBUG [pool-1-thread-2] stencyl.sw.editors.snippet.designer.palette.Palette: Refreshing with context [[b]21]
2018-09-28 08:16:47,946 DEBUG [pool-1-thread-2] stencyl.sw.editors.snippet.designer.palette.Palette: Palette asked to refresh: Drawing
2018-09-28 08:16:47,946 DEBUG [pool-1-thread-2] stencyl.sw.editors.snippet.designer.palette.Palette: Refreshing with context [[b]21]
2018-09-28 08:16:48,009 DEBUG [pool-1-thread-2] stencyl.sw.editors.snippet.designer.palette.Palette: Palette asked to refresh: Images
2018-09-28 08:16:48,009 DEBUG [pool-1-thread-2] stencyl.sw.editors.snippet.designer.palette.Palette: Refreshing with context [[b]21]
2018-09-28 08:16:48,024 DEBUG [pool-1-thread-2] stencyl.sw.editors.snippet.designer.palette.Palette: Palette asked to refresh: Sounds
2018-09-28 08:16:48,024 DEBUG [pool-1-thread-2] stencyl.sw.editors.snippet.designer.palette.Palette: Refreshing with context [[b]21]
2018-09-28 08:16:48,071 DEBUG [pool-1-thread-2] stencyl.sw.editors.snippet.designer.palette.Palette: Palette asked to refresh: Basic
2018-09-28 08:16:48,071 DEBUG [pool-1-thread-2] stencyl.sw.editors.snippet.designer.palette.Palette: Refreshing with context [[b]21]
2018-09-28 08:16:48,102 DEBUG [pool-1-thread-2] stencyl.sw.editors.snippet.designer.palette.Palette: Palette asked to refresh: Custom
2018-09-28 08:16:48,102 DEBUG [pool-1-thread-2] stencyl.sw.editors.snippet.designer.palette.Palette: Refreshing with context [[b]21]
2018-09-28 08:16:48,102 DEBUG [pool-1-thread-2] stencyl.sw.editors.snippet.designer.palette.Palette: Palette asked to refresh: Extensions
2018-09-28 08:16:48,102 DEBUG [pool-1-thread-2] stencyl.sw.editors.snippet.designer.palette.Palette: Refreshing with context [[b]21]
2018-09-28 08:16:48,102 DEBUG [pool-1-thread-2] stencyl.sw.editors.snippet.designer.palette.Palette: Palette asked to refresh: Conditions
2018-09-28 08:16:48,134 DEBUG [pool-1-thread-2] stencyl.sw.editors.snippet.designer.EditArea: ContextSet for current event: []
2018-09-28 08:16:48,134 DEBUG [pool-1-thread-2] stencyl.sw.editors.snippet.designer.palette.Palette: Palette asked to refresh: Conditions
2018-09-28 08:16:48,134 DEBUG [pool-1-thread-2] stencyl.sw.editors.snippet.designer.palette.Palette: Refreshing with context []
2018-09-28 08:16:48,290 DEBUG [AWT-EventQueue-0] stencyl.sw.app.doc.Workspace: Activated: Health
2018-09-28 08:16:48,384 DEBUG [pool-1-thread-2] stencyl.core.lib.io.read.SceneReader: Reading header for Scene: 0 (Level 1) from: scenes\0.xml
2018-09-28 08:16:48,399 DEBUG [pool-1-thread-2] stencyl.sw.app.tasks.OpenResourceTask: Open Took 1234ms
2018-09-28 08:16:48,446 DEBUG [AWT-EventQueue-0] stencyl.sw.app.tasks.OpenResourceTask: Total Took 1281ms
2018-09-28 08:16:50,258 DEBUG [AWT-EventQueue-0] stencyl.sw.editors.snippet.designer.palette.Palette: Palette asked to refresh: Getters
2018-09-28 08:16:50,258 DEBUG [AWT-EventQueue-0] stencyl.sw.editors.snippet.designer.palette.Palette: Refreshing with context []
2018-09-28 08:16:50,258 DEBUG [AWT-EventQueue-0] stencyl.sw.editors.snippet.designer.palette.Palette: Palette asked to refresh: Getters
2018-09-28 08:17:22,706 DEBUG [AWT-EventQueue-0] stencyl.sw.util.NotifierHashMap: HashMapEvent [type=VALUE_ADDED, value=get-val-21-1]
2018-09-28 08:17:22,706 DEBUG [AWT-EventQueue-0] stencyl.sw.util.NotifierHashMap: HashMapEvent [type=VALUE_ADDED, value=set-val-21-1]
2018-09-28 08:17:22,706 DEBUG [AWT-EventQueue-0] stencyl.sw.editors.snippet.designer.palette.Palette: Palette asked to refresh: Setters
2018-09-28 08:17:22,706 DEBUG [AWT-EventQueue-0] stencyl.sw.editors.snippet.designer.palette.Palette: Refreshing with context []
2018-09-28 08:17:22,722 DEBUG [AWT-EventQueue-0] stencyl.sw.util.NotifierHashMap: HashMapEvent [type=VALUE_REMOVED, value=get-val-21-1]
2018-09-28 08:17:22,722 DEBUG [AWT-EventQueue-0] stencyl.sw.util.NotifierHashMap: HashMapEvent [type=VALUE_ADDED, value=get-val-21-1]
2018-09-28 08:17:22,722 DEBUG [AWT-EventQueue-0] stencyl.sw.util.NotifierHashMap: HashMapEvent [type=VALUE_REMOVED, value=set-val-21-1]
2018-09-28 08:17:22,722 DEBUG [AWT-EventQueue-0] stencyl.sw.util.NotifierHashMap: HashMapEvent [type=VALUE_ADDED, value=set-val-21-1]
2018-09-28 08:17:25,518 DEBUG [AWT-EventQueue-0] stencyl.sw.editors.snippet.designer.palette.Palette: Palette asked to refresh: Setters
2018-09-28 08:17:25,518 DEBUG [AWT-EventQueue-0] stencyl.sw.editors.snippet.designer.palette.Palette: Palette asked to refresh: Setters
2018-09-28 08:17:26,456 DEBUG [AWT-EventQueue-0] stencyl.sw.editors.snippet.designer.palette.Palette: Palette asked to refresh: Lists
2018-09-28 08:17:26,456 DEBUG [AWT-EventQueue-0] stencyl.sw.editors.snippet.designer.palette.Palette: Palette asked to refresh: Lists
2018-09-28 08:17:26,955 DEBUG [AWT-EventQueue-0] stencyl.sw.editors.snippet.designer.palette.Palette: Palette asked to refresh: Getters
2018-09-28 08:17:26,955 DEBUG [AWT-EventQueue-0] stencyl.sw.editors.snippet.designer.palette.Palette: Palette asked to refresh: Getters
2018-09-28 08:17:37,235 DEBUG [AWT-EventQueue-0] stencyl.sw.editors.snippet.designer.palette.Palette: Palette asked to refresh: Getters
2018-09-28 08:17:37,235 DEBUG [AWT-EventQueue-0] stencyl.sw.editors.snippet.designer.palette.Palette: Refreshing with context []
2018-09-28 08:17:37,250 DEBUG [AWT-EventQueue-0] stencyl.sw.editors.snippet.designer.palette.Palette: Palette asked to refresh: Getters
2018-09-28 08:17:40,016 DEBUG [AWT-EventQueue-0] stencyl.sw.editors.snippet.designer.palette.Palette: Palette asked to refresh: Getters
2018-09-28 08:17:40,016 DEBUG [AWT-EventQueue-0] stencyl.sw.editors.snippet.designer.palette.Palette: Palette asked to refresh: Getters
2018-09-28 08:17:57,777 DEBUG [AWT-EventQueue-0] stencyl.sw.util.NotifierHashMap: HashMapEvent [type=VALUE_REMOVED, value=get-val-21-1]
2018-09-28 08:17:57,777 DEBUG [AWT-EventQueue-0] stencyl.sw.util.NotifierHashMap: HashMapEvent [type=VALUE_ADDED, value=get-val-21-1]
2018-09-28 08:17:57,777 DEBUG [AWT-EventQueue-0] stencyl.sw.util.NotifierHashMap: HashMapEvent [type=VALUE_REMOVED, value=set-val-21-1]
2018-09-28 08:17:57,777 DEBUG [AWT-EventQueue-0] stencyl.sw.util.NotifierHashMap: HashMapEvent [type=VALUE_ADDED, value=set-val-21-1]
2018-09-28 08:17:57,777 DEBUG [AWT-EventQueue-0] stencyl.sw.util.NotifierHashMap: HashMapEvent [type=VALUE_REMOVED, value=get-val-21-1]
2018-09-28 08:17:57,777 DEBUG [AWT-EventQueue-0] stencyl.sw.util.NotifierHashMap: HashMapEvent [type=VALUE_ADDED, value=get-val-21-1]
2018-09-28 08:17:57,777 DEBUG [AWT-EventQueue-0] stencyl.sw.util.NotifierHashMap: HashMapEvent [type=VALUE_REMOVED, value=set-val-21-1]
2018-09-28 08:17:57,777 DEBUG [AWT-EventQueue-0] stencyl.sw.util.NotifierHashMap: HashMapEvent [type=VALUE_ADDED, value=set-val-21-1]
2018-09-28 08:18:06,541 DEBUG [AWT-EventQueue-0] stencyl.sw.app.doc.Workspace: Activated: Dashboard
2018-09-28 08:18:09,540 DEBUG [AWT-EventQueue-0] stencyl.sw.app.doc.Workspace: Loading Closed Resource: Bullet
2018-09-28 08:18:09,665 DEBUG [pool-1-thread-3] stencyl.sw.editors.actor.collision.PreviewPanel: Selected: 1 [X,Y: 10, 10 ]
2018-09-28 08:18:09,727 DEBUG [pool-1-thread-3] stencyl.sw.editors.snippet.designer.palette.Palette: Palette asked to refresh: Conditions
2018-09-28 08:18:09,727 DEBUG [pool-1-thread-3] stencyl.sw.editors.snippet.designer.palette.Palette: Refreshing with context [[b]19]
2018-09-28 08:18:09,899 DEBUG [pool-1-thread-3] stencyl.sw.editors.snippet.designer.palette.Palette: Palette asked to refresh: Position
2018-09-28 08:18:09,899 DEBUG [pool-1-thread-3] stencyl.sw.editors.snippet.designer.palette.Palette: Refreshing with context [[b]19]
2018-09-28 08:18:10,071 DEBUG [pool-1-thread-3] stencyl.sw.editors.snippet.designer.palette.Palette: Palette asked to refresh: Actors
2018-09-28 08:18:10,071 DEBUG [pool-1-thread-3] stencyl.sw.editors.snippet.designer.palette.Palette: Refreshing with context [[b]19]
2018-09-28 08:18:10,118 DEBUG [pool-1-thread-3] stencyl.sw.editors.snippet.designer.palette.Palette: Palette asked to refresh: Math
2018-09-28 08:18:10,118 DEBUG [pool-1-thread-3] stencyl.sw.editors.snippet.designer.palette.Palette: Refreshing with context [[b]19]
2018-09-28 08:18:10,149 DEBUG [pool-1-thread-3] stencyl.sw.editors.snippet.designer.palette.Palette: Palette asked to refresh: Getters
2018-09-28 08:18:10,149 DEBUG [pool-1-thread-3] stencyl.sw.editors.snippet.designer.palette.Palette: Refreshing with context [[b]19]
2018-09-28 08:18:10,149 DEBUG [pool-1-thread-3] stencyl.sw.editors.snippet.designer.palette.Palette: Palette asked to refresh: Getters
2018-09-28 08:18:10,149 DEBUG [pool-1-thread-3] stencyl.sw.editors.snippet.designer.palette.Palette: Refreshing with context [[b]19]
2018-09-28 08:18:10,196 DEBUG [pool-1-thread-3] stencyl.sw.editors.snippet.designer.palette.Palette: Palette asked to refresh: Keyboard & Mouse
2018-09-28 08:18:10,196 DEBUG [pool-1-thread-3] stencyl.sw.editors.snippet.designer.palette.Palette: Refreshing with context [[b]19]
2018-09-28 08:18:10,227 DEBUG [pool-1-thread-3] stencyl.sw.editors.snippet.designer.palette.Palette: Palette asked to refresh: Triggers
2018-09-28 08:18:10,227 DEBUG [pool-1-thread-3] stencyl.sw.editors.snippet.designer.palette.Palette: Refreshing with context [[b]19]
2018-09-28 08:18:10,258 DEBUG [pool-1-thread-3] stencyl.sw.editors.snippet.designer.palette.Palette: Palette asked to refresh: Web
2018-09-28 08:18:10,258 DEBUG [pool-1-thread-3] stencyl.sw.editors.snippet.designer.palette.Palette: Refreshing with context [[b]19]
2018-09-28 08:18:10,290 DEBUG [pool-1-thread-3] stencyl.sw.editors.snippet.designer.palette.Palette: Palette asked to refresh: Drawing
2018-09-28 08:18:10,290 DEBUG [pool-1-thread-3] stencyl.sw.editors.snippet.designer.palette.Palette: Refreshing with context [[b]19]
2018-09-28 08:18:10,352 DEBUG [pool-1-thread-3] stencyl.sw.editors.snippet.designer.palette.Palette: Palette asked to refresh: Images
2018-09-28 08:18:10,352 DEBUG [pool-1-thread-3] stencyl.sw.editors.snippet.designer.palette.Palette: Refreshing with context [[b]19]
2018-09-28 08:18:10,477 DEBUG [pool-1-thread-3] stencyl.sw.editors.snippet.designer.palette.Palette: Palette asked to refresh: Sounds
2018-09-28 08:18:10,477 DEBUG [pool-1-thread-3] stencyl.sw.editors.snippet.designer.palette.Palette: Refreshing with context [[b]19]
2018-09-28 08:18:10,508 DEBUG [pool-1-thread-3] stencyl.sw.editors.snippet.designer.palette.Palette: Palette asked to refresh: Basic
2018-09-28 08:18:10,508 DEBUG [pool-1-thread-3] stencyl.sw.editors.snippet.designer.palette.Palette: Refreshing with context [[b]19]
2018-09-28 08:18:10,524 DEBUG [pool-1-thread-3] stencyl.sw.editors.snippet.designer.palette.Palette: Palette asked to refresh: Custom
2018-09-28 08:18:10,524 DEBUG [pool-1-thread-3] stencyl.sw.editors.snippet.designer.palette.Palette: Refreshing with context [[b]19]
2018-09-28 08:18:10,540 DEBUG [pool-1-thread-3] stencyl.sw.editors.snippet.designer.palette.Palette: Palette asked to refresh: Extensions
2018-09-28 08:18:10,540 DEBUG [pool-1-thread-3] stencyl.sw.editors.snippet.designer.palette.Palette: Refreshing with context [[b]19]
2018-09-28 08:18:10,540 DEBUG [pool-1-thread-3] stencyl.sw.editors.snippet.designer.palette.Palette: Palette asked to refresh: Conditions
2018-09-28 08:18:10,540 DEBUG [pool-1-thread-3] stencyl.sw.editors.snippet.designer.EditArea: ContextSet for current event: []
2018-09-28 08:18:10,540 DEBUG [pool-1-thread-3] stencyl.sw.editors.snippet.designer.palette.Palette: Palette asked to refresh: Conditions
2018-09-28 08:18:10,540 DEBUG [pool-1-thread-3] stencyl.sw.editors.snippet.designer.palette.Palette: Refreshing with context []
2018-09-28 08:18:10,602 DEBUG [AWT-EventQueue-0] stencyl.sw.app.doc.Workspace: Activated: Bullet
2018-09-28 08:18:10,602 DEBUG [pool-1-thread-3] stencyl.sw.app.tasks.OpenResourceTask: Open Took 1062ms
2018-09-28 08:18:10,665 DEBUG [AWT-EventQueue-0] stencyl.sw.app.tasks.OpenResourceTask: Total Took 1125ms
2018-09-28 08:18:15,070 DEBUG [AWT-EventQueue-0] stencyl.sw.app.doc.Workspace: Activated: Dashboard
2018-09-28 08:18:23,646 DEBUG [AWT-EventQueue-0] stencyl.sw.app.doc.Workspace: Loading Closed Resource: Shooting
2018-09-28 08:18:23,693 DEBUG [pool-1-thread-3] stencyl.sw.editors.snippet.designer.EditArea: Verifying Top Level... event-key-press-release
2018-09-28 08:18:23,693 DEBUG [pool-1-thread-3] stencyl.sw.editors.snippet.designer.block.BlockField: Result for: push-shove - true
2018-09-28 08:18:23,693 DEBUG [pool-1-thread-3] stencyl.sw.editors.snippet.designer.block.BlockField: Result for: push-shove - true
2018-09-28 08:18:23,693 DEBUG [pool-1-thread-3] stencyl.sw.editors.snippet.designer.block.BlockField: Result for: push-shove - true
2018-09-28 08:18:23,693 DEBUG [pool-1-thread-3] stencyl.sw.editors.snippet.designer.block.BlockField: Result for: eq - true
2018-09-28 08:18:23,693 DEBUG [pool-1-thread-3] stencyl.sw.editors.snippet.designer.block.BlockField: Result for: push-shove - true
2018-09-28 08:18:23,693 DEBUG [pool-1-thread-3] stencyl.sw.editors.snippet.designer.block.BlockField: Result for: push-shove - true
2018-09-28 08:18:23,693 DEBUG [pool-1-thread-3] stencyl.sw.editors.snippet.designer.block.BlockField: Result for: push-shove - true
2018-09-28 08:18:23,693 DEBUG [pool-1-thread-3] stencyl.sw.editors.snippet.designer.block.BlockField: Result for: eq - true
2018-09-28 08:18:23,693 DEBUG [pool-1-thread-3] stencyl.sw.editors.snippet.designer.block.BlockField: Result for: push-shove - true
2018-09-28 08:18:23,693 DEBUG [pool-1-thread-3] stencyl.sw.editors.snippet.designer.block.BlockField: Result for: push-shove - true
2018-09-28 08:18:23,693 DEBUG [pool-1-thread-3] stencyl.sw.editors.snippet.designer.block.BlockField: Result for: push-shove - true
2018-09-28 08:18:23,693 DEBUG [pool-1-thread-3] stencyl.sw.editors.snippet.designer.block.BlockField: Result for: eq - true
2018-09-28 08:18:23,693 DEBUG [pool-1-thread-3] stencyl.sw.editors.snippet.designer.block.BlockField: Result for: push-shove - true
2018-09-28 08:18:23,693 DEBUG [pool-1-thread-3] stencyl.sw.editors.snippet.designer.block.BlockField: Result for: push-shove - true
2018-09-28 08:18:23,693 DEBUG [pool-1-thread-3] stencyl.sw.editors.snippet.designer.block.BlockField: Result for: push-shove - true
2018-09-28 08:18:23,724 DEBUG [pool-1-thread-3] stencyl.sw.editors.snippet.designer.palette.Palette: Palette asked to refresh: Conditions
2018-09-28 08:18:23,724 DEBUG [pool-1-thread-3] stencyl.sw.editors.snippet.designer.palette.Palette: Refreshing with context [[b]20]
2018-09-28 08:18:23,865 DEBUG [pool-1-thread-3] stencyl.sw.editors.snippet.designer.palette.Palette: Palette asked to refresh: Position
2018-09-28 08:18:23,865 DEBUG [pool-1-thread-3] stencyl.sw.editors.snippet.designer.palette.Palette: Refreshing with context [[b]20]
2018-09-28 08:18:24,005 DEBUG [pool-1-thread-3] stencyl.sw.editors.snippet.designer.palette.Palette: Palette asked to refresh: Actors
2018-09-28 08:18:24,005 DEBUG [pool-1-thread-3] stencyl.sw.editors.snippet.designer.palette.Palette: Refreshing with context [[b]20]
2018-09-28 08:18:24,052 DEBUG [pool-1-thread-3] stencyl.sw.editors.snippet.designer.palette.Palette: Palette asked to refresh: Math
2018-09-28 08:18:24,052 DEBUG [pool-1-thread-3] stencyl.sw.editors.snippet.designer.palette.Palette: Refreshing with context [[b]20]
2018-09-28 08:18:24,083 DEBUG [pool-1-thread-3] stencyl.sw.editors.snippet.designer.palette.Palette: Palette asked to refresh: Getters
2018-09-28 08:18:24,083 DEBUG [pool-1-thread-3] stencyl.sw.editors.snippet.designer.palette.Palette: Refreshing with context [[b]20]
2018-09-28 08:18:24,083 DEBUG [pool-1-thread-3] stencyl.sw.editors.snippet.designer.palette.Palette: Palette asked to refresh: Getters
2018-09-28 08:18:24,083 DEBUG [pool-1-thread-3] stencyl.sw.editors.snippet.designer.palette.Palette: Refreshing with context [[b]20]
2018-09-28 08:18:24,130 DEBUG [pool-1-thread-3] stencyl.sw.editors.snippet.designer.palette.Palette: Palette asked to refresh: Keyboard & Mouse
2018-09-28 08:18:24,130 DEBUG [pool-1-thread-3] stencyl.sw.editors.snippet.designer.palette.Palette: Refreshing with context [[b]20]
2018-09-28 08:18:24,161 DEBUG [pool-1-thread-3] stencyl.sw.editors.snippet.designer.palette.Palette: Palette asked to refresh: Triggers
2018-09-28 08:18:24,161 DEBUG [pool-1-thread-3] stencyl.sw.editors.snippet.designer.palette.Palette: Refreshing with context [[b]20]
2018-09-28 08:18:24,208 DEBUG [pool-1-thread-3] stencyl.sw.editors.snippet.designer.palette.Palette: Palette asked to refresh: Web
2018-09-28 08:18:24,208 DEBUG [pool-1-thread-3] stencyl.sw.editors.snippet.designer.palette.Palette: Refreshing with context [[b]20]
2018-09-28 08:18:24,239 DEBUG [pool-1-thread-3] stencyl.sw.editors.snippet.designer.palette.Palette: Palette asked to refresh: Drawing
2018-09-28 08:18:24,239 DEBUG [pool-1-thread-3] stencyl.sw.editors.snippet.designer.palette.Palette: Refreshing with context [[b]20]
2018-09-28 08:18:24,318 DEBUG [pool-1-thread-3] stencyl.sw.editors.snippet.designer.palette.Palette: Palette asked to refresh: Images
2018-09-28 08:18:24,318 DEBUG [pool-1-thread-3] stencyl.sw.editors.snippet.designer.palette.Palette: Refreshing with context [[b]20]
2018-09-28 08:18:24,333 DEBUG [pool-1-thread-3] stencyl.sw.editors.snippet.designer.palette.Palette: Palette asked to refresh: Sounds
2018-09-28 08:18:24,333 DEBUG [pool-1-thread-3] stencyl.sw.editors.snippet.designer.palette.Palette: Refreshing with context [[b]20]
2018-09-28 08:18:24,364 DEBUG [pool-1-thread-3] stencyl.sw.editors.snippet.designer.palette.Palette: Palette asked to refresh: Basic
2018-09-28 08:18:24,364 DEBUG [pool-1-thread-3] stencyl.sw.editors.snippet.designer.palette.Palette: Refreshing with context [[b]20]
2018-09-28 08:18:24,380 DEBUG [pool-1-thread-3] stencyl.sw.editors.snippet.designer.palette.Palette: Palette asked to refresh: Custom
2018-09-28 08:18:24,380 DEBUG [pool-1-thread-3] stencyl.sw.editors.snippet.designer.palette.Palette: Refreshing with context [[b]20]
2018-09-28 08:18:24,396 DEBUG [pool-1-thread-3] stencyl.sw.editors.snippet.designer.palette.Palette: Palette asked to refresh: Extensions
2018-09-28 08:18:24,396 DEBUG [pool-1-thread-3] stencyl.sw.editors.snippet.designer.palette.Palette: Refreshing with context [[b]20]
2018-09-28 08:18:24,396 DEBUG [pool-1-thread-3] stencyl.sw.editors.snippet.designer.palette.Palette: Palette asked to refresh: Conditions
2018-09-28 08:18:24,396 DEBUG [pool-1-thread-3] stencyl.sw.editors.snippet.designer.EditArea: ContextSet for current event: [[e]20-1, [s]com.stencyl.behavior.Script, [b]20, [c]com.stencyl.behavior.Script, [h]engine:com.stencyl.Engine]
2018-09-28 08:18:24,396 DEBUG [pool-1-thread-3] stencyl.sw.editors.snippet.designer.palette.Palette: Palette asked to refresh: Conditions
2018-09-28 08:18:24,396 DEBUG [pool-1-thread-3] stencyl.sw.editors.snippet.designer.palette.Palette: Refreshing with context [[e]20-1, [s]com.stencyl.behavior.Script, [b]20, [c]com.stencyl.behavior.Script, [h]engine:com.stencyl.Engine]
2018-09-28 08:18:24,474 DEBUG [AWT-EventQueue-0] stencyl.sw.app.doc.Workspace: Activated: Shooting
2018-09-28 08:18:24,474 DEBUG [pool-1-thread-3] stencyl.sw.app.tasks.OpenResourceTask: Open Took 828ms
2018-09-28 08:18:24,536 DEBUG [AWT-EventQueue-0] stencyl.sw.app.tasks.OpenResourceTask: Total Took 890ms
2018-09-28 08:18:34,315 DEBUG [AWT-EventQueue-0] stencyl.sw.app.doc.Workspace: Activated: Health*
2018-09-28 08:18:40,846 DEBUG [AWT-EventQueue-0] stencyl.sw.app.App: Action: Save Game
2018-09-28 08:18:40,846 INFO  [pool-1-thread-3] stencyl.sw.io.write.MasterWriter: Saving game in place.
2018-09-28 08:18:40,846 DEBUG [pool-1-thread-3] stencyl.sw.util.FileHelper: Saving backup file C:\Users\MJennings6000\AppData\Roaming\Stencyl\stencylworks\games\project6\game.xml.bak.
2018-09-28 08:18:42,205 DEBUG [pool-1-thread-3] stencyl.sw.io.write.MasterWriter: Writing out local resources.
2018-09-28 08:18:42,205 DEBUG [pool-1-thread-3] stencyl.sw.util.FileHelper: Saving backup file C:\Users\MJennings6000\AppData\Roaming\Stencyl\stencylworks\games\project6\resources\data.xml.bak.
2018-09-28 08:18:42,205 DEBUG [pool-1-thread-3] stencyl.sw.io.write.resource.SpriteWriter: Mark actor's sprite as clean (disk).
2018-09-28 08:18:42,205 DEBUG [pool-1-thread-3] stencyl.core.lib.io.read.SceneReader: Reading header for Scene: 0 (Level 1) from: scenes\0.xml
2018-09-28 08:18:42,220 DEBUG [pool-1-thread-3] stencyl.sw.io.write.resource.SpriteWriter: Mark actor's sprite as clean (disk).
2018-09-28 08:18:42,220 DEBUG [pool-1-thread-3] stencyl.sw.io.write.resource.SpriteWriter: Mark actor's sprite as clean (disk).
2018-09-28 08:18:42,220 DEBUG [pool-1-thread-3] stencyl.sw.io.write.resource.TilesetWriter: Mark tileset as clean (disk).
2018-09-28 08:18:42,220 DEBUG [pool-1-thread-3] stencyl.sw.io.write.MasterWriter: Writing out scenes.
2018-09-28 08:18:42,220 DEBUG [pool-1-thread-3] stencyl.sw.io.write.MasterWriter: Copying over snippets.
2018-09-28 08:18:42,220 DEBUG [pool-1-thread-3] stencyl.sw.util.FileHelper: Saving backup file C:\Users\MJennings6000\AppData\Roaming\Stencyl\stencylworks\games\project6\snippets\list.xml.bak.
2018-09-28 08:18:42,220 DEBUG [pool-1-thread-3] stencyl.sw.editors.snippet.designer.block.Block: Write out generic element ID: 47
2018-09-28 08:18:42,220 DEBUG [pool-1-thread-3] stencyl.sw.editors.snippet.designer.block.Block: Write out generic element ID: 52
2018-09-28 08:18:42,220 DEBUG [pool-1-thread-3] stencyl.sw.editors.snippet.designer.block.Block: Write out thisActor
2018-09-28 08:18:42,220 DEBUG [pool-1-thread-3] stencyl.sw.editors.snippet.designer.block.Block: Write out thisActor
2018-09-28 08:18:42,220 DEBUG [pool-1-thread-3] stencyl.sw.editors.snippet.designer.block.Block: Write out Last Created
2018-09-28 08:18:42,220 DEBUG [pool-1-thread-3] stencyl.sw.editors.snippet.designer.block.Block: Write out thisActor
2018-09-28 08:18:42,220 DEBUG [pool-1-thread-3] stencyl.sw.editors.snippet.designer.block.Block: Write out Last Created
2018-09-28 08:18:42,220 DEBUG [pool-1-thread-3] stencyl.sw.editors.snippet.designer.block.Block: Write out thisActor
2018-09-28 08:18:42,220 DEBUG [pool-1-thread-3] stencyl.sw.editors.snippet.designer.block.Block: Write out Last Created
2018-09-28 08:18:42,220 DEBUG [pool-1-thread-3] stencyl.sw.editors.snippet.designer.block.Block: Write out thisActor
2018-09-28 08:18:42,220 DEBUG [pool-1-thread-3] stencyl.sw.editors.snippet.designer.block.Block: Write out Last Created
2018-09-28 08:18:42,220 DEBUG [pool-1-thread-3] stencyl.sw.editors.snippet.designer.block.Block: Write out generic element ID: 7
2018-09-28 08:18:42,267 DEBUG [pool-1-thread-3] stencyl.sw.io.write.resource.SnippetsWriter: Copy from opened to disk: Shooting
2018-09-28 08:18:42,267 DEBUG [pool-1-thread-3] stencyl.sw.editors.snippet.designer.block.Block: Write out generic element ID: 47
2018-09-28 08:18:42,267 DEBUG [pool-1-thread-3] stencyl.sw.editors.snippet.designer.block.Block: Write out generic element ID: 52
2018-09-28 08:18:42,267 DEBUG [pool-1-thread-3] stencyl.sw.editors.snippet.designer.block.Block: Write out thisActor
2018-09-28 08:18:42,267 DEBUG [pool-1-thread-3] stencyl.sw.editors.snippet.designer.block.Block: Write out thisActor
2018-09-28 08:18:42,267 DEBUG [pool-1-thread-3] stencyl.sw.editors.snippet.designer.block.Block: Write out Last Created
2018-09-28 08:18:42,267 DEBUG [pool-1-thread-3] stencyl.sw.editors.snippet.designer.block.Block: Write out thisActor
2018-09-28 08:18:42,267 DEBUG [pool-1-thread-3] stencyl.sw.editors.snippet.designer.block.Block: Write out Last Created
2018-09-28 08:18:42,267 DEBUG [pool-1-thread-3] stencyl.sw.editors.snippet.designer.block.Block: Write out thisActor
2018-09-28 08:18:42,267 DEBUG [pool-1-thread-3] stencyl.sw.editors.snippet.designer.block.Block: Write out Last Created
2018-09-28 08:18:42,267 DEBUG [pool-1-thread-3] stencyl.sw.editors.snippet.designer.block.Block: Write out thisActor
2018-09-28 08:18:42,267 DEBUG [pool-1-thread-3] stencyl.sw.editors.snippet.designer.block.Block: Write out Last Created
2018-09-28 08:18:42,267 DEBUG [pool-1-thread-3] stencyl.sw.editors.snippet.designer.block.Block: Write out generic element ID: 7
2018-09-28 08:18:42,267 DEBUG [pool-1-thread-3] stencyl.sw.util.FileHelper: Deleting: C:\Users\MJennings6000\AppData\Roaming\Stencyl\stencylworks\games\project6\behavior-hx\Design_20_20_Shooting.hx
2018-09-28 08:18:42,267 DEBUG [pool-1-thread-3] stencyl.sw.io.write.resource.SnippetsWriter: Copied to: C:\Users\MJennings6000\AppData\Roaming\Stencyl\stencylworks\games\project6\snippets\Design_20_20_Shooting.design
2018-09-28 08:18:42,267 DEBUG [pool-1-thread-3] stencyl.sw.app.doc.StencylDoc: Marking as written to disk: Health
2018-09-28 08:18:42,267 DEBUG [pool-1-thread-3] stencyl.sw.io.write.resource.SnippetsWriter: Copy from opened to disk: Health
2018-09-28 08:18:42,283 DEBUG [pool-1-thread-3] stencyl.sw.util.FileHelper: Trying to delete file that does not exist: C:\Users\MJennings6000\AppData\Roaming\Stencyl\stencylworks\games\project6\behavior-hx\Design_21_21_Health.hx
2018-09-28 08:18:42,283 DEBUG [pool-1-thread-3] stencyl.sw.io.write.resource.SnippetsWriter: Copied to: C:\Users\MJennings6000\AppData\Roaming\Stencyl\stencylworks\games\project6\snippets\Design_21_21_Health.design
2018-09-28 08:18:42,283 DEBUG [pool-1-thread-3] stencyl.sw.io.write.resource.SnippetsWriter: Copy from opened to disk: ActorEvents_52
2018-09-28 08:18:42,283 DEBUG [pool-1-thread-3] stencyl.sw.util.FileHelper: Deleting: C:\Users\MJennings6000\AppData\Roaming\Stencyl\stencylworks\games\project6\behavior-hx\ActorEvents_52.hx
2018-09-28 08:18:42,283 DEBUG [pool-1-thread-3] stencyl.sw.io.write.resource.SnippetsWriter: Copied to: C:\Users\MJennings6000\AppData\Roaming\Stencyl\stencylworks\games\project6\snippets\ActorEvents_52.design
2018-09-28 08:18:42,283 DEBUG [pool-1-thread-3] stencyl.sw.io.write.MasterWriter: Saving block favorites.
2018-09-28 08:18:42,283 INFO  [pool-1-thread-3] stencyl.sw.io.write.MasterWriter: Done writing game.
2018-09-28 08:18:43,626 INFO  [AWT-EventQueue-0] stencyl.sw.app.App: Attempting to quit out of Stencyl.
2018-09-28 08:18:44,829 INFO  [pool-1-thread-3] stencyl.sw.io.write.MasterWriter: Saving game in place.
2018-09-28 08:18:44,829 DEBUG [pool-1-thread-3] stencyl.sw.util.FileHelper: Saving backup file C:\Users\MJennings6000\AppData\Roaming\Stencyl\stencylworks\games\project6\game.xml.bak.
2018-09-28 08:18:46,187 DEBUG [pool-1-thread-3] stencyl.sw.io.write.MasterWriter: Writing out local resources.
2018-09-28 08:18:46,203 DEBUG [pool-1-thread-3] stencyl.sw.util.FileHelper: Saving backup file C:\Users\MJennings6000\AppData\Roaming\Stencyl\stencylworks\games\project6\resources\data.xml.bak.
2018-09-28 08:18:46,203 DEBUG [pool-1-thread-3] stencyl.sw.io.write.resource.SpriteWriter: Mark actor's sprite as clean (disk).
2018-09-28 08:18:46,203 DEBUG [pool-1-thread-3] stencyl.core.lib.io.read.SceneReader: Reading header for Scene: 0 (Level 1) from: scenes\0.xml
2018-09-28 08:18:46,203 DEBUG [pool-1-thread-3] stencyl.sw.io.write.resource.SpriteWriter: Mark actor's sprite as clean (disk).
2018-09-28 08:18:46,203 DEBUG [pool-1-thread-3] stencyl.sw.io.write.resource.SpriteWriter: Mark actor's sprite as clean (disk).
2018-09-28 08:18:46,203 DEBUG [pool-1-thread-3] stencyl.sw.io.write.resource.TilesetWriter: Mark tileset as clean (disk).
2018-09-28 08:18:46,203 DEBUG [pool-1-thread-3] stencyl.sw.io.write.MasterWriter: Writing out scenes.
2018-09-28 08:18:46,203 DEBUG [pool-1-thread-3] stencyl.sw.io.write.MasterWriter: Copying over snippets.
2018-09-28 08:18:46,203 DEBUG [pool-1-thread-3] stencyl.sw.util.FileHelper: Saving backup file C:\Users\MJennings6000\AppData\Roaming\Stencyl\stencylworks\games\project6\snippets\list.xml.bak.
2018-09-28 08:18:46,203 DEBUG [pool-1-thread-3] stencyl.sw.editors.snippet.designer.block.Block: Write out generic element ID: 47
2018-09-28 08:18:46,203 DEBUG [pool-1-thread-3] stencyl.sw.editors.snippet.designer.block.Block: Write out generic element ID: 52
2018-09-28 08:18:46,203 DEBUG [pool-1-thread-3] stencyl.sw.editors.snippet.designer.block.Block: Write out thisActor
2018-09-28 08:18:46,203 DEBUG [pool-1-thread-3] stencyl.sw.editors.snippet.designer.block.Block: Write out thisActor
2018-09-28 08:18:46,218 DEBUG [pool-1-thread-3] stencyl.sw.editors.snippet.designer.block.Block: Write out Last Created
2018-09-28 08:18:46,218 DEBUG [pool-1-thread-3] stencyl.sw.editors.snippet.designer.block.Block: Write out thisActor
2018-09-28 08:18:46,218 DEBUG [pool-1-thread-3] stencyl.sw.editors.snippet.designer.block.Block: Write out Last Created
2018-09-28 08:18:46,218 DEBUG [pool-1-thread-3] stencyl.sw.editors.snippet.designer.block.Block: Write out thisActor
2018-09-28 08:18:46,218 DEBUG [pool-1-thread-3] stencyl.sw.editors.snippet.designer.block.Block: Write out Last Created
2018-09-28 08:18:46,218 DEBUG [pool-1-thread-3] stencyl.sw.editors.snippet.designer.block.Block: Write out thisActor
2018-09-28 08:18:46,218 DEBUG [pool-1-thread-3] stencyl.sw.editors.snippet.designer.block.Block: Write out Last Created
2018-09-28 08:18:46,218 DEBUG [pool-1-thread-3] stencyl.sw.editors.snippet.designer.block.Block: Write out generic element ID: 7
2018-09-28 08:18:46,234 DEBUG [pool-1-thread-3] stencyl.sw.io.write.resource.SnippetsWriter: Copy from opened to disk: Shooting
2018-09-28 08:18:46,234 DEBUG [pool-1-thread-3] stencyl.sw.editors.snippet.designer.block.Block: Write out generic element ID: 47
2018-09-28 08:18:46,234 DEBUG [pool-1-thread-3] stencyl.sw.editors.snippet.designer.block.Block: Write out generic element ID: 52
2018-09-28 08:18:46,234 DEBUG [pool-1-thread-3] stencyl.sw.editors.snippet.designer.block.Block: Write out thisActor
2018-09-28 08:18:46,249 DEBUG [pool-1-thread-3] stencyl.sw.editors.snippet.designer.block.Block: Write out thisActor
2018-09-28 08:18:46,249 DEBUG [pool-1-thread-3] stencyl.sw.editors.snippet.designer.block.Block: Write out Last Created
2018-09-28 08:18:46,249 DEBUG [pool-1-thread-3] stencyl.sw.editors.snippet.designer.block.Block: Write out thisActor
2018-09-28 08:18:46,249 DEBUG [pool-1-thread-3] stencyl.sw.editors.snippet.designer.block.Block: Write out Last Created
2018-09-28 08:18:46,249 DEBUG [pool-1-thread-3] stencyl.sw.editors.snippet.designer.block.Block: Write out thisActor
2018-09-28 08:18:46,249 DEBUG [pool-1-thread-3] stencyl.sw.editors.snippet.designer.block.Block: Write out Last Created
2018-09-28 08:18:46,249 DEBUG [pool-1-thread-3] stencyl.sw.editors.snippet.designer.block.Block: Write out thisActor
2018-09-28 08:18:46,249 DEBUG [pool-1-thread-3] stencyl.sw.editors.snippet.designer.block.Block: Write out Last Created
2018-09-28 08:18:46,249 DEBUG [pool-1-thread-3] stencyl.sw.editors.snippet.designer.block.Block: Write out generic element ID: 7
2018-09-28 08:18:46,249 DEBUG [pool-1-thread-3] stencyl.sw.util.FileHelper: Trying to delete file that does not exist: C:\Users\MJennings6000\AppData\Roaming\Stencyl\stencylworks\games\project6\behavior-hx\Design_20_20_Shooting.hx
2018-09-28 08:18:46,249 DEBUG [pool-1-thread-3] stencyl.sw.io.write.resource.SnippetsWriter: Copied to: C:\Users\MJennings6000\AppData\Roaming\Stencyl\stencylworks\games\project6\snippets\Design_20_20_Shooting.design
2018-09-28 08:18:46,249 DEBUG [pool-1-thread-3] stencyl.sw.io.write.resource.SnippetsWriter: Copy from opened to disk: Health
2018-09-28 08:18:46,249 DEBUG [pool-1-thread-3] stencyl.sw.util.FileHelper: Trying to delete file that does not exist: C:\Users\MJennings6000\AppData\Roaming\Stencyl\stencylworks\games\project6\behavior-hx\Design_21_21_Health.hx
2018-09-28 08:18:46,249 DEBUG [pool-1-thread-3] stencyl.sw.io.write.resource.SnippetsWriter: Copied to: C:\Users\MJennings6000\AppData\Roaming\Stencyl\stencylworks\games\project6\snippets\Design_21_21_Health.design
2018-09-28 08:18:46,249 DEBUG [pool-1-thread-3] stencyl.sw.io.write.resource.SnippetsWriter: Copy from opened to disk: ActorEvents_52
2018-09-28 08:18:46,249 DEBUG [pool-1-thread-3] stencyl.sw.util.FileHelper: Trying to delete file that does not exist: C:\Users\MJennings6000\AppData\Roaming\Stencyl\stencylworks\games\project6\behavior-hx\ActorEvents_52.hx
2018-09-28 08:18:46,249 DEBUG [pool-1-thread-3] stencyl.sw.io.write.resource.SnippetsWriter: Copied to: C:\Users\MJennings6000\AppData\Roaming\Stencyl\stencylworks\games\project6\snippets\ActorEvents_52.design
2018-09-28 08:18:46,249 DEBUG [pool-1-thread-3] stencyl.sw.io.write.MasterWriter: Saving block favorites.
2018-09-28 08:18:46,265 INFO  [pool-1-thread-3] stencyl.sw.io.write.MasterWriter: Done writing game.
2018-09-28 08:18:46,312 DEBUG [AWT-EventQueue-0] stencyl.sw.util.Util: Running command: [taskkill, /im, neko.exe, /f]
2018-09-28 08:18:46,359 OFF   [Thread-15] stencyl.sw.util.StreamGobbler: [taskkill] ERROR: The process "neko.exe" not found.
2018-09-28 08:18:46,359 DEBUG [AWT-EventQueue-0] stencyl.sw.util.Util: Process 'taskkill' exited with code: 128
2018-09-28 08:18:46,359 DEBUG [AWT-EventQueue-0] stencyl.sw.util.Util: Running command: [taskkill, /im, adb.exe, /f]
2018-09-28 08:18:46,421 OFF   [Thread-16] stencyl.sw.util.StreamGobbler: [taskkill] ERROR: The process "adb.exe" not found.
2018-09-28 08:18:46,421 DEBUG [AWT-EventQueue-0] stencyl.sw.util.Util: Process 'taskkill' exited with code: 128
2018-09-28 08:18:46,421 DEBUG [AWT-EventQueue-0] stencyl.sw.util.Util: Running command: [taskkill, /im, arm-linux-androideabi-g++.exe, /f]
2018-09-28 08:18:46,468 OFF   [Thread-17] stencyl.sw.util.StreamGobbler: [taskkill] ERROR: The process "arm-linux-androideabi-g++.exe" not found.
2018-09-28 08:18:46,468 DEBUG [AWT-EventQueue-0] stencyl.sw.util.Util: Process 'taskkill' exited with code: 128
2018-09-28 08:18:46,468 DEBUG [AWT-EventQueue-0] stencyl.sw.util.Util: Running command: [taskkill, /im, cc1plus.exe, /f]
2018-09-28 08:18:46,515 OFF   [Thread-18] stencyl.sw.util.StreamGobbler: [taskkill] ERROR: The process "cc1plus.exe" not found.
2018-09-28 08:18:46,515 DEBUG [AWT-EventQueue-0] stencyl.sw.util.Util: Process 'taskkill' exited with code: 128
2018-09-28 08:18:46,515 DEBUG [AWT-EventQueue-0] stencyl.sw.util.Util: Running command: [taskkill, /im, tail.exe, /f]
2018-09-28 08:18:46,562 OFF   [Thread-19] stencyl.sw.util.StreamGobbler: [taskkill] ERROR: The process "tail.exe" not found.
2018-09-28 08:18:46,562 DEBUG [AWT-EventQueue-0] stencyl.sw.util.Util: Process 'taskkill' exited with code: 128
2018-09-28 08:18:46,562 DEBUG [AWT-EventQueue-0] stencyl.sw.util.Util: Running command: [taskkill, /im, ios-sim.exe, /f]
2018-09-28 08:18:46,609 OFF   [Thread-20] stencyl.sw.util.StreamGobbler: [taskkill] ERROR: The process "ios-sim.exe" not found.
2018-09-28 08:18:46,624 DEBUG [AWT-EventQueue-0] stencyl.sw.util.Util: Process 'taskkill' exited with code: 128
2018-09-28 08:18:46,624 DEBUG [AWT-EventQueue-0] stencyl.sw.app.App: Destroying extensions.
2018-09-28 08:18:46,624 DEBUG [AWT-EventQueue-0] stencyl.sw.app.App: Performing final close.
2018-09-28 08:18:46,624 INFO  [AWT-EventQueue-0] stencyl.sw.app.App: Exiting...
2018-09-28 08:18:46,624 DEBUG [AWT-EventQueue-0] stencyl.sw.app.App: Destroying Temporary Sandbox.
2018-09-28 08:18:46,624 DEBUG [AWT-EventQueue-0] stencyl.sw.util.FileHelper: Deleting: C:\Users\MJennings6000\AppData\Local\Temp\stencyl6051444289925481937
