2018-10-08 08:19:25,124 INFO  [main] stencyl.sw.Session: Logfile: C:\Users\MJennings6000\AppData\Roaming\Stencyl\stencylworks\logs\2018-10-08_08-19-25.log
2018-10-08 08:19:25,124 INFO  [main] stencyl.sw.Session: OS Name: Windows 10
2018-10-08 08:19:25,124 INFO  [main] stencyl.sw.Session: OS Version: 10.0 (64-bit)
2018-10-08 08:19:25,124 INFO  [main] stencyl.sw.Session: Java Version: 1.8.0_60
2018-10-08 08:19:25,124 INFO  [main] stencyl.sw.Session: Java Home Environment Variable (JAVA_HOME): not set
2018-10-08 08:19:25,124 INFO  [main] stencyl.sw.Session: Stencyl Version: 3.4.0.beta4 (b9300)
2018-10-08 08:19:25,124 INFO  [main] stencyl.sw.Session: Stencyl Workspace: C:\Users\MJennings6000\AppData\Roaming\Stencyl\
2018-10-08 08:19:25,124 INFO  [main] stencyl.sw.Session: User Working Directory: C:\Program Files (x86)\Stencyl
2018-10-08 08:19:25,124 INFO  [main] stencyl.sw.Session: User Home Directory: C:\Users\MJennings6000
2018-10-08 08:19:25,124 INFO  [main] stencyl.sw.Session: System Path: C:\Program Files (x86)\Intel\iCLS Client\;C:\Program Files\Intel\iCLS Client\;C:\WINDOWS\system32;C:\WINDOWS;C:\WINDOWS\System32\Wbem;C:\WINDOWS\System32\WindowsPowerShell\v1.0\;C:\WINDOWS\System32\OpenSSH\;C:\Program Files (x86)\Intel\Intel(R) Management Engine Components\DAL;C:\Program Files\Intel\Intel(R) Management Engine Components\DAL;C:\Program Files (x86)\Intel\Intel(R) Management Engine Components\IPT;C:\Program Files\Intel\Intel(R) Management Engine Components\IPT;C:\Program Files (x86)\WebEx\Productivity Tools;C:\Users\MJennings6000\AppData\Local\Microsoft\WindowsApps;;C:\Program Files (x86)\Stencyl\runtimes\jre-win\bin
2018-10-08 08:19:25,202 DEBUG [main] stencyl.sw.util.FileHelper: Deleting: C:\Users\MJENNI~1\AppData\Local\Temp\stencyl5399566189543187973
2018-10-08 08:19:25,202 DEBUG [main] stencyl.sw.loc.LanguagePack: Reading... lang\en\global-phrases.lang
2018-10-08 08:19:25,202 DEBUG [main] stencyl.sw.loc.LanguagePack: Reading... lang\en\global-errors.lang
2018-10-08 08:19:25,202 DEBUG [main] stencyl.sw.loc.LanguagePack: Reading... lang\en\global-menu.lang
2018-10-08 08:19:25,202 DEBUG [main] stencyl.sw.loc.LanguagePack: Reading... lang\en\global-welcome.lang
2018-10-08 08:19:25,202 DEBUG [main] stencyl.sw.loc.LanguagePack: Reading... lang\en\global-dashboard.lang
2018-10-08 08:19:25,202 DEBUG [main] stencyl.sw.loc.LanguagePack: Reading... lang\en\global-publish.lang
2018-10-08 08:19:25,202 DEBUG [main] stencyl.sw.loc.LanguagePack: Reading... lang\en\global-updater.lang
2018-10-08 08:19:25,202 DEBUG [main] stencyl.sw.loc.LanguagePack: Reading... lang\en\global-chat.lang
2018-10-08 08:19:25,202 DEBUG [main] stencyl.sw.loc.LanguagePack: Reading... lang\en\global-misc.lang
2018-10-08 08:19:25,202 DEBUG [main] stencyl.sw.loc.LanguagePack: Reading... lang\en\global-forge.lang
2018-10-08 08:19:25,202 DEBUG [main] stencyl.sw.loc.LanguagePack: Reading... lang\en\global-prefs.lang
2018-10-08 08:19:25,202 DEBUG [main] stencyl.sw.loc.LanguagePack: Reading... lang\en\global-creategame.lang
2018-10-08 08:19:25,202 DEBUG [main] stencyl.sw.loc.LanguagePack: Reading... lang\en\behavior-main.lang
2018-10-08 08:19:25,202 DEBUG [main] stencyl.sw.loc.LanguagePack: Reading... lang\en\behavior-blocks.lang
2018-10-08 08:19:25,218 DEBUG [main] stencyl.sw.loc.LanguagePack: Reading... lang\en\behavior-blockhelp.lang
2018-10-08 08:19:25,218 DEBUG [main] stencyl.sw.loc.LanguagePack: Reading... lang\en\behavior-events.lang
2018-10-08 08:19:25,218 DEBUG [main] stencyl.sw.loc.LanguagePack: Reading... lang\en\behavior-code.lang
2018-10-08 08:19:25,218 DEBUG [main] stencyl.sw.loc.LanguagePack: Reading... lang\en\behavior-attributes.lang
2018-10-08 08:19:25,218 DEBUG [main] stencyl.sw.loc.LanguagePack: Reading... lang\en\behavior-create.lang
2018-10-08 08:19:25,218 DEBUG [main] stencyl.sw.loc.LanguagePack: Reading... lang\en\behavior-byob.lang
2018-10-08 08:19:25,218 DEBUG [main] stencyl.sw.loc.LanguagePack: Reading... lang\en\editor-actor-main.lang
2018-10-08 08:19:25,218 DEBUG [main] stencyl.sw.loc.LanguagePack: Reading... lang\en\editor-actor-physics.lang
2018-10-08 08:19:25,218 DEBUG [main] stencyl.sw.loc.LanguagePack: Reading... lang\en\editor-background.lang
2018-10-08 08:19:25,218 DEBUG [main] stencyl.sw.loc.LanguagePack: Reading... lang\en\editor-behaviorchooser.lang
2018-10-08 08:19:25,218 DEBUG [main] stencyl.sw.loc.LanguagePack: Reading... lang\en\editor-desktop.lang
2018-10-08 08:19:25,233 DEBUG [main] stencyl.sw.loc.LanguagePack: Reading... lang\en\editor-font.lang
2018-10-08 08:19:25,233 DEBUG [main] stencyl.sw.loc.LanguagePack: Reading... lang\en\editor-sound.lang
2018-10-08 08:19:25,233 DEBUG [main] stencyl.sw.loc.LanguagePack: Reading... lang\en\editor-tileset.lang
2018-10-08 08:19:25,233 DEBUG [main] stencyl.sw.loc.LanguagePack: Reading... lang\en\editor-preloader.lang
2018-10-08 08:19:25,233 DEBUG [main] stencyl.sw.loc.LanguagePack: Reading... lang\en\editor-mobile.lang
2018-10-08 08:19:25,233 DEBUG [main] stencyl.sw.loc.LanguagePack: Reading... lang\en\editor-groups.lang
2018-10-08 08:19:25,233 DEBUG [main] stencyl.sw.loc.LanguagePack: Reading... lang\en\editor-attributes.lang
2018-10-08 08:19:25,233 DEBUG [main] stencyl.sw.loc.LanguagePack: Reading... lang\en\editor-input.lang
2018-10-08 08:19:25,233 DEBUG [main] stencyl.sw.loc.LanguagePack: Reading... lang\en\editor-animation.lang
2018-10-08 08:19:25,233 DEBUG [main] stencyl.sw.loc.LanguagePack: Reading... lang\en\editor-scene-main.lang
2018-10-08 08:19:25,233 DEBUG [main] stencyl.sw.loc.LanguagePack: Reading... lang\en\editor-scene-create.lang
2018-10-08 08:19:25,233 DEBUG [main] stencyl.sw.loc.LanguagePack: Reading... lang\en\editor-scene-tools.lang
2018-10-08 08:19:25,233 DEBUG [main] stencyl.sw.loc.LanguagePack: Reading... lang\en\global-phrases.lang
2018-10-08 08:19:25,233 DEBUG [main] stencyl.sw.loc.LanguagePack: Reading... lang\en\global-errors.lang
2018-10-08 08:19:25,233 DEBUG [main] stencyl.sw.loc.LanguagePack: Reading... lang\en\global-menu.lang
2018-10-08 08:19:25,233 DEBUG [main] stencyl.sw.loc.LanguagePack: Reading... lang\en\global-welcome.lang
2018-10-08 08:19:25,233 DEBUG [main] stencyl.sw.loc.LanguagePack: Reading... lang\en\global-dashboard.lang
2018-10-08 08:19:25,233 DEBUG [main] stencyl.sw.loc.LanguagePack: Reading... lang\en\global-publish.lang
2018-10-08 08:19:25,233 DEBUG [main] stencyl.sw.loc.LanguagePack: Reading... lang\en\global-updater.lang
2018-10-08 08:19:25,233 DEBUG [main] stencyl.sw.loc.LanguagePack: Reading... lang\en\global-chat.lang
2018-10-08 08:19:25,233 DEBUG [main] stencyl.sw.loc.LanguagePack: Reading... lang\en\global-misc.lang
2018-10-08 08:19:25,233 DEBUG [main] stencyl.sw.loc.LanguagePack: Reading... lang\en\global-forge.lang
2018-10-08 08:19:25,233 DEBUG [main] stencyl.sw.loc.LanguagePack: Reading... lang\en\global-prefs.lang
2018-10-08 08:19:25,233 DEBUG [main] stencyl.sw.loc.LanguagePack: Reading... lang\en\global-creategame.lang
2018-10-08 08:19:25,233 DEBUG [main] stencyl.sw.loc.LanguagePack: Reading... lang\en\behavior-main.lang
2018-10-08 08:19:25,233 DEBUG [main] stencyl.sw.loc.LanguagePack: Reading... lang\en\behavior-blocks.lang
2018-10-08 08:19:25,233 DEBUG [main] stencyl.sw.loc.LanguagePack: Reading... lang\en\behavior-blockhelp.lang
2018-10-08 08:19:25,233 DEBUG [main] stencyl.sw.loc.LanguagePack: Reading... lang\en\behavior-events.lang
2018-10-08 08:19:25,233 DEBUG [main] stencyl.sw.loc.LanguagePack: Reading... lang\en\behavior-code.lang
2018-10-08 08:19:25,233 DEBUG [main] stencyl.sw.loc.LanguagePack: Reading... lang\en\behavior-attributes.lang
2018-10-08 08:19:25,233 DEBUG [main] stencyl.sw.loc.LanguagePack: Reading... lang\en\behavior-create.lang
2018-10-08 08:19:25,233 DEBUG [main] stencyl.sw.loc.LanguagePack: Reading... lang\en\behavior-byob.lang
2018-10-08 08:19:25,233 DEBUG [main] stencyl.sw.loc.LanguagePack: Reading... lang\en\editor-actor-main.lang
2018-10-08 08:19:25,233 DEBUG [main] stencyl.sw.loc.LanguagePack: Reading... lang\en\editor-actor-physics.lang
2018-10-08 08:19:25,233 DEBUG [main] stencyl.sw.loc.LanguagePack: Reading... lang\en\editor-background.lang
2018-10-08 08:19:25,233 DEBUG [main] stencyl.sw.loc.LanguagePack: Reading... lang\en\editor-behaviorchooser.lang
2018-10-08 08:19:25,233 DEBUG [main] stencyl.sw.loc.LanguagePack: Reading... lang\en\editor-desktop.lang
2018-10-08 08:19:25,233 DEBUG [main] stencyl.sw.loc.LanguagePack: Reading... lang\en\editor-font.lang
2018-10-08 08:19:25,233 DEBUG [main] stencyl.sw.loc.LanguagePack: Reading... lang\en\editor-sound.lang
2018-10-08 08:19:25,233 DEBUG [main] stencyl.sw.loc.LanguagePack: Reading... lang\en\editor-tileset.lang
2018-10-08 08:19:25,249 DEBUG [main] stencyl.sw.loc.LanguagePack: Reading... lang\en\editor-preloader.lang
2018-10-08 08:19:25,249 DEBUG [main] stencyl.sw.loc.LanguagePack: Reading... lang\en\editor-mobile.lang
2018-10-08 08:19:25,249 DEBUG [main] stencyl.sw.loc.LanguagePack: Reading... lang\en\editor-groups.lang
2018-10-08 08:19:25,249 DEBUG [main] stencyl.sw.loc.LanguagePack: Reading... lang\en\editor-attributes.lang
2018-10-08 08:19:25,249 DEBUG [main] stencyl.sw.loc.LanguagePack: Reading... lang\en\editor-input.lang
2018-10-08 08:19:25,249 DEBUG [main] stencyl.sw.loc.LanguagePack: Reading... lang\en\editor-animation.lang
2018-10-08 08:19:25,249 DEBUG [main] stencyl.sw.loc.LanguagePack: Reading... lang\en\editor-scene-main.lang
2018-10-08 08:19:25,249 DEBUG [main] stencyl.sw.loc.LanguagePack: Reading... lang\en\editor-scene-create.lang
2018-10-08 08:19:25,249 DEBUG [main] stencyl.sw.loc.LanguagePack: Reading... lang\en\editor-scene-tools.lang
2018-10-08 08:19:25,249 INFO  [AWT-EventQueue-0] stencyl.sw.SW: Initializing Stencyl.
2018-10-08 08:19:25,249 DEBUG [AWT-EventQueue-0] stencyl.sw.Splash: Set Splash message: Look
2018-10-08 08:19:25,860 INFO  [AWT-EventQueue-0] stencyl.sw.ext.ExtensionDependencyManager: Extension Dependencies: {STENCYL={=stencyl--3.4.0.beta4}, HAXELIB={console=haxelib-console-1.0.0, polygonal-printf=haxelib-polygonal-printf-1.0.0.beta, stencyl-cppia=haxelib-stencyl-cppia-1.0.0, hxcpp=haxelib-hxcpp-3.2.0, swf=haxelib-swf-1.7.4, box2d=haxelib-box2d-1.11.0, svg=haxelib-svg-1.0.8, lime=haxelib-lime-2.9.1, format=haxelib-format-3.1.2, actuate=haxelib-actuate-1.8.6, stencyl=haxelib-stencyl-1.0.0, layout=haxelib-layout-1.1.0, hxtelemetry=haxelib-hxtelemetry-0.3.1, openfl=haxelib-openfl-3.6.1, tilelayer=haxelib-tilelayer-0.2.1, polygonal-ds=haxelib-polygonal-ds-1.4.1, box2d-fake=haxelib-box2d-fake-1.11.0}, JAVA={=java--1.8.0}, ENGINE={}, TOOLSET={}}
2018-10-08 08:19:25,876 DEBUG [AWT-EventQueue-0] stencyl.sw.util.FileHelper: Matching (non-hidden) files within C:\Users\MJennings6000\AppData\Roaming\Stencyl\stencylworks\extensions: []
2018-10-08 08:19:25,876 DEBUG [AWT-EventQueue-0] stencyl.sw.util.FileHelper: Matching (non-hidden) files within C:\Users\MJennings6000\AppData\Roaming\Stencyl\stencylworks\extensions: []
2018-10-08 08:19:25,876 DEBUG [AWT-EventQueue-0] stencyl.sw.editors.game.advanced.EngineExtensionManager: Loading engine extensions...
2018-10-08 08:19:25,876 DEBUG [AWT-EventQueue-0] stencyl.sw.util.FileHelper: Directories within C:\Users\MJennings6000\AppData\Roaming\Stencyl\stencylworks\engine-extensions: [C:\Users\MJennings6000\AppData\Roaming\Stencyl\stencylworks\engine-extensions\ads, C:\Users\MJennings6000\AppData\Roaming\Stencyl\stencylworks\engine-extensions\gamecenter, C:\Users\MJennings6000\AppData\Roaming\Stencyl\stencylworks\engine-extensions\gestures, C:\Users\MJennings6000\AppData\Roaming\Stencyl\stencylworks\engine-extensions\google, C:\Users\MJennings6000\AppData\Roaming\Stencyl\stencylworks\engine-extensions\joystick, C:\Users\MJennings6000\AppData\Roaming\Stencyl\stencylworks\engine-extensions\label, C:\Users\MJennings6000\AppData\Roaming\Stencyl\stencylworks\engine-extensions\native, C:\Users\MJennings6000\AppData\Roaming\Stencyl\stencylworks\engine-extensions\purchases, C:\Users\MJennings6000\AppData\Roaming\Stencyl\stencylworks\engine-extensions\test, C:\Users\MJennings6000\AppData\Roaming\Stencyl\stencylworks\engine-extensions\test-flash, C:\Users\MJennings6000\AppData\Roaming\Stencyl\stencylworks\engine-extensions\test-native]
2018-10-08 08:19:25,876 DEBUG [AWT-EventQueue-0] stencyl.sw.editors.game.advanced.EngineExtensionManager: ads is a core engine extension. Skip.
2018-10-08 08:19:25,876 DEBUG [AWT-EventQueue-0] stencyl.sw.editors.game.advanced.EngineExtensionManager: gamecenter is a core engine extension. Skip.
2018-10-08 08:19:25,876 DEBUG [AWT-EventQueue-0] stencyl.sw.editors.game.advanced.EngineExtensionManager: gestures is a core engine extension. Skip.
2018-10-08 08:19:25,876 DEBUG [AWT-EventQueue-0] stencyl.sw.editors.game.advanced.EngineExtensionManager: google is not a valid engine extension. Skip.
2018-10-08 08:19:25,876 DEBUG [AWT-EventQueue-0] stencyl.sw.editors.game.advanced.EngineExtensionManager: joystick is a core engine extension. Skip.
2018-10-08 08:19:25,876 DEBUG [AWT-EventQueue-0] stencyl.sw.editors.game.advanced.EngineExtensionManager: label is engine extension: Labels (1.0.0).
2018-10-08 08:19:25,876 DEBUG [AWT-EventQueue-0] stencyl.sw.editors.game.advanced.EngineExtensionManager: native is a core engine extension. Skip.
2018-10-08 08:19:25,876 DEBUG [AWT-EventQueue-0] stencyl.sw.editors.game.advanced.EngineExtensionManager: purchases is a core engine extension. Skip.
2018-10-08 08:19:25,876 DEBUG [AWT-EventQueue-0] stencyl.sw.editors.game.advanced.EngineExtensionManager: test is engine extension: Test Extension (1.0.0).
2018-10-08 08:19:25,876 DEBUG [AWT-EventQueue-0] stencyl.sw.editors.game.advanced.EngineExtensionManager: test-flash is engine extension: Test Extension (Flash SWF) (1.0.0).
2018-10-08 08:19:25,876 DEBUG [AWT-EventQueue-0] stencyl.sw.editors.game.advanced.EngineExtensionManager: test-native is engine extension: Test Extension (Native) (1.0.0).
2018-10-08 08:19:25,876 INFO  [AWT-EventQueue-0] stencyl.sw.editors.game.advanced.EngineExtensionManager: Engine Extensions: [Labels (1.0.0), Test Extension (1.0.0), Test Extension (Flash SWF) (1.0.0), Test Extension (Native) (1.0.0)]
2018-10-08 08:19:25,876 INFO  [AWT-EventQueue-0] stencyl.sw.app.ExtensionManager: Toolset Extensions: []
2018-10-08 08:19:26,048 DEBUG [AWT-EventQueue-0] stencyl.sw.app.doc.Workspace: Activated: Welcome Center
2018-10-08 08:19:26,048 DEBUG [AWT-EventQueue-0] stencyl.sw.app.App: Non-silent Authentication.
2018-10-08 08:19:26,063 DEBUG [AWT-EventQueue-0] stencyl.sw.Splash: Dispose Splash
2018-10-08 08:19:26,157 DEBUG [pool-1-thread-1] stencyl.sw.app.tasks.AuthenticateTask: Response: guest
2018-10-08 08:19:26,157 INFO  [pool-1-thread-1] stencyl.sw.app.tasks.AuthenticateTask: Could not log in. Check your login credentials.
2018-10-08 08:19:29,906 INFO  [AWT-EventQueue-0] stencyl.sw.app.App: Attempting to quit out of Stencyl.
2018-10-08 08:19:29,906 DEBUG [AWT-EventQueue-0] stencyl.sw.util.Util: Running command: [taskkill, /im, neko.exe, /f]
2018-10-08 08:19:29,984 OFF   [Thread-7] stencyl.sw.util.StreamGobbler: [taskkill] ERROR: The process "neko.exe" not found.
2018-10-08 08:19:29,984 DEBUG [AWT-EventQueue-0] stencyl.sw.util.Util: Process 'taskkill' exited with code: 128
2018-10-08 08:19:29,984 DEBUG [AWT-EventQueue-0] stencyl.sw.util.Util: Running command: [taskkill, /im, adb.exe, /f]
2018-10-08 08:19:30,047 OFF   [Thread-8] stencyl.sw.util.StreamGobbler: [taskkill] ERROR: The process "adb.exe" not found.
2018-10-08 08:19:30,047 DEBUG [AWT-EventQueue-0] stencyl.sw.util.Util: Process 'taskkill' exited with code: 128
2018-10-08 08:19:30,047 DEBUG [AWT-EventQueue-0] stencyl.sw.util.Util: Running command: [taskkill, /im, arm-linux-androideabi-g++.exe, /f]
2018-10-08 08:19:30,109 OFF   [Thread-9] stencyl.sw.util.StreamGobbler: [taskkill] ERROR: The process "arm-linux-androideabi-g++.exe" not found.
2018-10-08 08:19:30,109 DEBUG [AWT-EventQueue-0] stencyl.sw.util.Util: Process 'taskkill' exited with code: 128
2018-10-08 08:19:30,109 DEBUG [AWT-EventQueue-0] stencyl.sw.util.Util: Running command: [taskkill, /im, cc1plus.exe, /f]
2018-10-08 08:19:30,172 OFF   [Thread-10] stencyl.sw.util.StreamGobbler: [taskkill] ERROR: The process "cc1plus.exe" not found.
2018-10-08 08:19:30,172 DEBUG [AWT-EventQueue-0] stencyl.sw.util.Util: Process 'taskkill' exited with code: 128
2018-10-08 08:19:30,172 DEBUG [AWT-EventQueue-0] stencyl.sw.util.Util: Running command: [taskkill, /im, tail.exe, /f]
2018-10-08 08:19:30,219 OFF   [Thread-11] stencyl.sw.util.StreamGobbler: [taskkill] ERROR: The process "tail.exe" not found.
2018-10-08 08:19:30,234 DEBUG [AWT-EventQueue-0] stencyl.sw.util.Util: Process 'taskkill' exited with code: 128
2018-10-08 08:19:30,234 DEBUG [AWT-EventQueue-0] stencyl.sw.util.Util: Running command: [taskkill, /im, ios-sim.exe, /f]
2018-10-08 08:19:30,281 OFF   [Thread-12] stencyl.sw.util.StreamGobbler: [taskkill] ERROR: The process "ios-sim.exe" not found.
2018-10-08 08:19:30,281 DEBUG [AWT-EventQueue-0] stencyl.sw.util.Util: Process 'taskkill' exited with code: 128
2018-10-08 08:19:30,281 DEBUG [AWT-EventQueue-0] stencyl.sw.app.App: Destroying extensions.
2018-10-08 08:19:30,281 DEBUG [AWT-EventQueue-0] stencyl.sw.app.App: Performing final close.
2018-10-08 08:19:30,297 INFO  [AWT-EventQueue-0] stencyl.sw.app.App: Exiting...
2018-10-08 08:19:30,297 DEBUG [AWT-EventQueue-0] stencyl.sw.app.App: Destroying Temporary Sandbox.
2018-10-08 08:19:30,297 DEBUG [AWT-EventQueue-0] stencyl.sw.util.FileHelper: Deleting: C:\Users\MJennings6000\AppData\Local\Temp\stencyl5399566189543187973
